[ 2017-02-26T00:11:56+08:00 ] ::1 /mkblog/admin/Login/doForgetPwd
ERR: Invalid address: ********

[ 2017-02-26T00:13:11+08:00 ] ::1 /mkblog/admin/Login/doForgetPwd
ERR: Invalid address: ********

[ 2017-02-26T00:15:26+08:00 ] ::1 /mkblog/admin/Login/doForgetPwd
ERR: Invalid address: ********

[ 2017-02-26T00:17:59+08:00 ] ::1 /mkblog/admin/Login/doForgetPwd
ERR: Invalid address: ********

[ 2017-02-26T00:18:43+08:00 ] ::1 /mkblog/admin/Login/doForgetPwd
ERR: Invalid address: ********

[ 2017-02-26T00:24:02+08:00 ] ::1 /mkblog/admin/Login/doForgetPwd
ERR: Invalid address: 

[ 2017-02-26T00:26:03+08:00 ] ::1 /mkblog/admin/Login/doForgetPwd
ERR: Invalid address: 

[ 2017-02-26T00:27:35+08:00 ] ::1 /mkblog/admin/Login/doForgetPwd
ERR: Invalid address: 888888

[ 2017-02-26T00:28:20+08:00 ] ::1 /mkblog/admin/Login/doForgetPwd
ERR: SMTP Error: Could not authenticate.

[ 2017-02-26T00:29:06+08:00 ] ::1 /mkblog/admin/Login/doForgetPwd
ERR: SMTP Error: Could not authenticate.

[ 2017-02-26T00:30:53+08:00 ] ::1 /mkblog/admin/Login/doForgetPwd
ERR: Could not instantiate mail function.

[ 2017-02-26T00:34:22+08:00 ] ::1 /mkblog/admin/Login/doForgetPwd
ERR: SMTP Error: Could not authenticate.

[ 2017-02-26T00:35:08+08:00 ] ::1 /mkblog/admin/Login/doForgetPwd
ERR: SMTP Error: Could not authenticate.

[ 2017-02-26T00:46:03+08:00 ] ::1 /mkblog/admin/Login/doForgetPwd
ERR: SMTP Error: Could not authenticate.

[ 2017-02-26T00:49:35+08:00 ] ::1 /mkblog/admin/Login/doForgetPwd
ERR: Could not instantiate mail function.

[ 2017-02-26T00:57:18+08:00 ] ::1 /mkblog/admin/Login/doForgetPwd
ERR: SMTP Error: Could not authenticate.

[ 2017-02-26T00:57:26+08:00 ] ::1 /mkblog/admin/Login/doForgetPwd
ERR: SMTP Error: Could not authenticate.

[ 2017-02-26T01:04:04+08:00 ] ::1 /mkblog/admin/Login/doForgetPwd
ERR: SMTP Error: Could not authenticate.

[ 2017-02-26T01:06:40+08:00 ] ::1 /mkblog/admin/Login/doForgetPwd
ERR: SMTP Error: Could not authenticate.

[ 2017-02-26T01:09:33+08:00 ] ::1 /mkblog/admin/Login/doForgetPwd
ERR: SMTP Error: Could not authenticate.

[ 2017-02-26T01:11:30+08:00 ] ::1 /mkblog/admin/Login/doForgetPwd
ERR: SMTP Error: Could not authenticate.

[ 2017-02-26T01:12:30+08:00 ] ::1 /mkblog/admin/Login/doForgetPwd
ERR: SMTP Error: Could not authenticate.

[ 2017-02-26T01:13:30+08:00 ] ::1 /mkblog/admin/Login/doForgetPwd
ERR: SMTP Error: Could not authenticate.

[ 2017-02-26T01:14:31+08:00 ] ::1 /mkblog/admin/Login/doForgetPwd
ERR: SMTP Error: Could not authenticate.

[ 2017-02-26T13:32:50+08:00 ] ::1 /mkblog/Admin/Login%E3%80%81doForgetPwd
ERR: 无法加载控制器:Login、doForgetPwd

