[ 2017-03-01T12:38:33+08:00 ] ::1 /mkblog/Admin/Login/doLogin
INFO: [ app_begin ] --START--
INFO: Run Behavior\ReadHtmlCacheBehavior [ RunTime:0.000484s ]
INFO: [ app_begin ] --END-- [ RunTime:0.000808s ]
NOTIC: [8192] mysql_connect(): The mysql extension is deprecated and will be removed in the future: use mysqli or PDO instead D:\wamp64\www\mkblog\ThinkPHP\Library\Think\Db\Driver\Mysql.class.php 第 52 行.
SQL: SHOW COLUMNS FROM `blog_accounts` [ RunTime:0.074214s ]
SQL: SELECT * FROM `blog_accounts` WHERE ( `name` = 'kelly' ) LIMIT 1   [ RunTime:0.004489s ]

[ 2017-03-01T12:38:49+08:00 ] ::1 /mkblog/Admin/page_user_lock_1.html
ERR: 无法加载控制器:Page_user_lock_1

[ 2017-03-01T12:39:10+08:00 ] ::1 /mkblog/Admin/page_user_lock_1.html
ERR: 无法加载控制器:Page_user_lock_1

[ 2017-03-01T12:39:19+08:00 ] ::1 /mkblog/Admin/page_user_login_1.html
ERR: 无法加载控制器:Page_user_login_1

[ 2017-03-01T12:44:48+08:00 ] ::1 /mkblog/Admin/page_user_login_1.html
ERR: 无法加载控制器:Page_user_login_1

[ 2017-03-01T12:57:39+08:00 ] ::1 /mkblog/Admin/U('Login/doLogout')
ERR: 无法加载控制器:U('Login

[ 2017-03-01T12:58:45+08:00 ] ::1 /mkblog/Admin/U('Login/doLogout')
ERR: 无法加载控制器:U('Login

[ 2017-03-01T12:58:53+08:00 ] ::1 /mkblog/Admin/U('Login/doLogout')
ERR: 无法加载控制器:U('Login

[ 2017-03-01T12:59:53+08:00 ] ::1 /mkblog/Admin/%7BU('Login/doLogout')%7D
ERR: 无法加载控制器:{U('Login

[ 2017-03-01T13:01:53+08:00 ] ::1 /mkblog/Admin/%7BU('Login/doLogout')%7D
ERR: 无法加载控制器:{U('Login

[ 2017-03-01T13:06:20+08:00 ] ::1 /mkblog/Admin/Login/doLogin
INFO: [ app_begin ] --START--
INFO: Run Behavior\ReadHtmlCacheBehavior [ RunTime:0.000596s ]
INFO: [ app_begin ] --END-- [ RunTime:0.001138s ]
NOTIC: [8192] mysql_connect(): The mysql extension is deprecated and will be removed in the future: use mysqli or PDO instead D:\wamp64\www\mkblog\ThinkPHP\Library\Think\Db\Driver\Mysql.class.php 第 52 行.
SQL: SHOW COLUMNS FROM `blog_accounts` [ RunTime:0.003407s ]
SQL: SELECT * FROM `blog_accounts` WHERE ( `name` = 'kelly' ) LIMIT 1   [ RunTime:0.000512s ]

[ 2017-03-01T13:06:35+08:00 ] ::1 /mkblog/Admin/Login/doLogin
INFO: [ app_begin ] --START--
INFO: Run Behavior\ReadHtmlCacheBehavior [ RunTime:0.000401s ]
INFO: [ app_begin ] --END-- [ RunTime:0.000735s ]
NOTIC: [8192] mysql_connect(): The mysql extension is deprecated and will be removed in the future: use mysqli or PDO instead D:\wamp64\www\mkblog\ThinkPHP\Library\Think\Db\Driver\Mysql.class.php 第 52 行.
SQL: SHOW COLUMNS FROM `blog_accounts` [ RunTime:0.000924s ]
SQL: SELECT * FROM `blog_accounts` WHERE ( `name` = 'kelly' ) LIMIT 1   [ RunTime:0.000455s ]

[ 2017-03-01T13:07:05+08:00 ] ::1 /mkblog/Admin/page_user_profile_1.html
ERR: 无法加载控制器:Page_user_profile_1

[ 2017-03-01T13:07:16+08:00 ] ::1 /mkblog/Admin/page_user_profile_2.html
ERR: 无法加载控制器:Page_user_profile_2

[ 2017-03-01T13:07:22+08:00 ] ::1 /mkblog/Admin/page_general_about.html
ERR: 无法加载控制器:Page_general_about

[ 2017-03-01T13:19:31+08:00 ] ::1 /mkblog/Admin/Login/doLogin
INFO: [ app_begin ] --START--
INFO: Run Behavior\ReadHtmlCacheBehavior [ RunTime:0.000379s ]
INFO: [ app_begin ] --END-- [ RunTime:0.000724s ]
NOTIC: [8192] mysql_connect(): The mysql extension is deprecated and will be removed in the future: use mysqli or PDO instead D:\wamp64\www\mkblog\ThinkPHP\Library\Think\Db\Driver\Mysql.class.php 第 52 行.
SQL: SHOW COLUMNS FROM `blog_accounts` [ RunTime:0.002248s ]
SQL: SELECT * FROM `blog_accounts` WHERE ( `name` = 'kelly' ) LIMIT 1   [ RunTime:0.001506s ]

[ 2017-03-01T13:19:41+08:00 ] ::1 /mkblog/Admin/Category/management
ERR: 无法加载控制器:Category

[ 2017-03-01T13:20:01+08:00 ] ::1 /mkblog/Admin/Category/management
ERR: 无法加载控制器:Category

[ 2017-03-01T13:21:08+08:00 ] ::1 /mkblog/Admin/Category/page_user_profile_2.html
ERR: 非法操作:page_user_profile_2

[ 2017-03-01T13:21:17+08:00 ] ::1 /mkblog/Admin/Category/Category/management
ERR: 非法操作:Category

[ 2017-03-01T13:23:34+08:00 ] ::1 /mkblog/Admin/Category/Category/management
ERR: 非法操作:Category

[ 2017-03-01T15:39:40+08:00 ] ::1 /mkblog/Admin/assets/global/plugins/jquery-ui/jquery-ui.min.js
ERR: 无法加载控制器:Assets

[ 2017-03-01T15:39:41+08:00 ] ::1 /mkblog/Admin/assets/global/plugins/jquery-ui/jquery-ui.min.js
ERR: 无法加载控制器:Assets

[ 2017-03-01T15:39:48+08:00 ] ::1 /mkblog/Admin/assets/global/plugins/jquery-ui/jquery-ui.min.js
ERR: 无法加载控制器:Assets

[ 2017-03-01T15:39:49+08:00 ] ::1 /mkblog/Admin/assets/global/plugins/jquery-ui/jquery-ui.min.js
ERR: 无法加载控制器:Assets

[ 2017-03-01T16:21:56+08:00 ] ::1 /mkblog/Admin/Category/doLogin
INFO: [ app_begin ] --START--
INFO: Run Behavior\ReadHtmlCacheBehavior [ RunTime:0.000423s ]
INFO: [ app_begin ] --END-- [ RunTime:0.000858s ]
ERR: 非法操作:doLogin

[ 2017-03-01T16:21:59+08:00 ] ::1 /mkblog/Admin/Category/doLogin
INFO: [ app_begin ] --START--
INFO: Run Behavior\ReadHtmlCacheBehavior [ RunTime:0.000825s ]
INFO: [ app_begin ] --END-- [ RunTime:0.001534s ]
ERR: 非法操作:doLogin

[ 2017-03-01T16:22:03+08:00 ] ::1 /mkblog/Admin/Category/doLogin
INFO: [ app_begin ] --START--
INFO: Run Behavior\ReadHtmlCacheBehavior [ RunTime:0.000753s ]
INFO: [ app_begin ] --END-- [ RunTime:0.001405s ]
ERR: 非法操作:doLogin

[ 2017-03-01T16:22:56+08:00 ] ::1 /mkblog/Admin/Category/addCategory
INFO: [ app_begin ] --START--
INFO: Run Behavior\ReadHtmlCacheBehavior [ RunTime:0.000525s ]
INFO: [ app_begin ] --END-- [ RunTime:0.001249s ]
NOTIC: [8192] mysql_connect(): The mysql extension is deprecated and will be removed in the future: use mysqli or PDO instead D:\wamp64\www\mkblog\ThinkPHP\Library\Think\Db\Driver\Mysql.class.php 第 52 行.
SQL: SHOW COLUMNS FROM `blog_category` [ RunTime:0.002620s ]
SQL: SELECT * FROM `blog_category` WHERE ( `name` = '旅游' ) LIMIT 1   [ RunTime:0.000343s ]
INFO: [ app_end ] --START--
INFO: Run Behavior\ShowPageTraceBehavior [ RunTime:0.000547s ]
INFO: [ app_end ] --END-- [ RunTime:0.000636s ]

[ 2017-03-01T16:23:22+08:00 ] ::1 /mkblog/Admin/Category/addCategory
INFO: [ app_begin ] --START--
INFO: Run Behavior\ReadHtmlCacheBehavior [ RunTime:0.000711s ]
INFO: [ app_begin ] --END-- [ RunTime:0.001311s ]
NOTIC: [8192] mysql_connect(): The mysql extension is deprecated and will be removed in the future: use mysqli or PDO instead D:\wamp64\www\mkblog\ThinkPHP\Library\Think\Db\Driver\Mysql.class.php 第 52 行.
SQL: SHOW COLUMNS FROM `blog_category` [ RunTime:0.001110s ]
SQL: SELECT * FROM `blog_category` WHERE ( `name` = '旅游' ) LIMIT 1   [ RunTime:0.000282s ]
INFO: [ app_end ] --START--
INFO: Run Behavior\ShowPageTraceBehavior [ RunTime:0.000659s ]
INFO: [ app_end ] --END-- [ RunTime:0.000816s ]

[ 2017-03-01T16:26:50+08:00 ] ::1 /mkblog/Admin/Category/addCategory
INFO: [ app_begin ] --START--
INFO: Run Behavior\ReadHtmlCacheBehavior [ RunTime:0.000473s ]
INFO: [ app_begin ] --END-- [ RunTime:0.000876s ]
NOTIC: [8192] mysql_connect(): The mysql extension is deprecated and will be removed in the future: use mysqli or PDO instead D:\wamp64\www\mkblog\ThinkPHP\Library\Think\Db\Driver\Mysql.class.php 第 52 行.
SQL: SHOW COLUMNS FROM `blog_category` [ RunTime:0.001744s ]
NOTIC: [4096] Object of class Think\Model could not be converted to string D:\wamp64\www\mkblog\blog\Admin\Controller\CategoryController.class.php 第 26 行.
SQL: SELECT * FROM `blog_category` WHERE ( `name` = '旅游' ) LIMIT 1   [ RunTime:0.000385s ]
INFO: [ app_end ] --START--
INFO: Run Behavior\ShowPageTraceBehavior [ RunTime:0.000655s ]
INFO: [ app_end ] --END-- [ RunTime:0.000759s ]

[ 2017-03-01T16:26:52+08:00 ] ::1 /mkblog/Admin/Category/addCategory
INFO: [ app_begin ] --START--
INFO: Run Behavior\ReadHtmlCacheBehavior [ RunTime:0.000359s ]
INFO: [ app_begin ] --END-- [ RunTime:0.000706s ]
NOTIC: [8192] mysql_connect(): The mysql extension is deprecated and will be removed in the future: use mysqli or PDO instead D:\wamp64\www\mkblog\ThinkPHP\Library\Think\Db\Driver\Mysql.class.php 第 52 行.
SQL: SHOW COLUMNS FROM `blog_category` [ RunTime:0.001468s ]
NOTIC: [4096] Object of class Think\Model could not be converted to string D:\wamp64\www\mkblog\blog\Admin\Controller\CategoryController.class.php 第 26 行.
SQL: SELECT * FROM `blog_category` WHERE ( `name` = '旅游' ) LIMIT 1   [ RunTime:0.000517s ]
INFO: [ app_end ] --START--
INFO: Run Behavior\ShowPageTraceBehavior [ RunTime:0.000910s ]
INFO: [ app_end ] --END-- [ RunTime:0.001085s ]

[ 2017-03-01T16:26:53+08:00 ] ::1 /mkblog/Admin/Category/addCategory
INFO: [ app_begin ] --START--
INFO: Run Behavior\ReadHtmlCacheBehavior [ RunTime:0.000388s ]
INFO: [ app_begin ] --END-- [ RunTime:0.000748s ]
NOTIC: [8192] mysql_connect(): The mysql extension is deprecated and will be removed in the future: use mysqli or PDO instead D:\wamp64\www\mkblog\ThinkPHP\Library\Think\Db\Driver\Mysql.class.php 第 52 行.
SQL: SHOW COLUMNS FROM `blog_category` [ RunTime:0.001173s ]
NOTIC: [4096] Object of class Think\Model could not be converted to string D:\wamp64\www\mkblog\blog\Admin\Controller\CategoryController.class.php 第 26 行.
SQL: SELECT * FROM `blog_category` WHERE ( `name` = '旅游' ) LIMIT 1   [ RunTime:0.000370s ]
INFO: [ app_end ] --START--
INFO: Run Behavior\ShowPageTraceBehavior [ RunTime:0.000812s ]
INFO: [ app_end ] --END-- [ RunTime:0.000987s ]

[ 2017-03-01T16:26:54+08:00 ] ::1 /mkblog/Admin/Category/addCategory
INFO: [ app_begin ] --START--
INFO: Run Behavior\ReadHtmlCacheBehavior [ RunTime:0.000381s ]
INFO: [ app_begin ] --END-- [ RunTime:0.000733s ]
NOTIC: [8192] mysql_connect(): The mysql extension is deprecated and will be removed in the future: use mysqli or PDO instead D:\wamp64\www\mkblog\ThinkPHP\Library\Think\Db\Driver\Mysql.class.php 第 52 行.
SQL: SHOW COLUMNS FROM `blog_category` [ RunTime:0.001283s ]
NOTIC: [4096] Object of class Think\Model could not be converted to string D:\wamp64\www\mkblog\blog\Admin\Controller\CategoryController.class.php 第 26 行.
SQL: SELECT * FROM `blog_category` WHERE ( `name` = '旅游' ) LIMIT 1   [ RunTime:0.000589s ]
INFO: [ app_end ] --START--
INFO: Run Behavior\ShowPageTraceBehavior [ RunTime:0.000841s ]
INFO: [ app_end ] --END-- [ RunTime:0.001049s ]

[ 2017-03-01T16:26:56+08:00 ] ::1 /mkblog/Admin/Category/addCategory
INFO: [ app_begin ] --START--
INFO: Run Behavior\ReadHtmlCacheBehavior [ RunTime:0.000819s ]
INFO: [ app_begin ] --END-- [ RunTime:0.001505s ]
NOTIC: [8192] mysql_connect(): The mysql extension is deprecated and will be removed in the future: use mysqli or PDO instead D:\wamp64\www\mkblog\ThinkPHP\Library\Think\Db\Driver\Mysql.class.php 第 52 行.
SQL: SHOW COLUMNS FROM `blog_category` [ RunTime:0.001317s ]
NOTIC: [4096] Object of class Think\Model could not be converted to string D:\wamp64\www\mkblog\blog\Admin\Controller\CategoryController.class.php 第 26 行.
SQL: SELECT * FROM `blog_category` WHERE ( `name` = '旅游' ) LIMIT 1   [ RunTime:0.000686s ]
INFO: [ app_end ] --START--
INFO: Run Behavior\ShowPageTraceBehavior [ RunTime:0.002010s ]
INFO: [ app_end ] --END-- [ RunTime:0.002231s ]

[ 2017-03-01T16:27:25+08:00 ] ::1 /mkblog/Admin/Category/addCategory
INFO: [ app_begin ] --START--
INFO: Run Behavior\ReadHtmlCacheBehavior [ RunTime:0.000393s ]
INFO: [ app_begin ] --END-- [ RunTime:0.000738s ]
NOTIC: [8192] mysql_connect(): The mysql extension is deprecated and will be removed in the future: use mysqli or PDO instead D:\wamp64\www\mkblog\ThinkPHP\Library\Think\Db\Driver\Mysql.class.php 第 52 行.
SQL: SHOW COLUMNS FROM `blog_category` [ RunTime:0.001664s ]
NOTIC: [4096] Object of class Think\Model could not be converted to string D:\wamp64\www\mkblog\blog\Admin\Controller\CategoryController.class.php 第 26 行.
SQL: SELECT * FROM `blog_category` WHERE ( `name` = '旅游' ) LIMIT 1   [ RunTime:0.000646s ]
INFO: [ app_end ] --START--
INFO: Run Behavior\ShowPageTraceBehavior [ RunTime:0.000827s ]
INFO: [ app_end ] --END-- [ RunTime:0.000955s ]

[ 2017-03-01T16:29:36+08:00 ] ::1 /mkblog/Admin/Category/addCategory
INFO: [ app_begin ] --START--
INFO: Run Behavior\ReadHtmlCacheBehavior [ RunTime:0.000715s ]
INFO: [ app_begin ] --END-- [ RunTime:0.001365s ]
NOTIC: [8192] mysql_connect(): The mysql extension is deprecated and will be removed in the future: use mysqli or PDO instead D:\wamp64\www\mkblog\ThinkPHP\Library\Think\Db\Driver\Mysql.class.php 第 52 行.
SQL: SHOW COLUMNS FROM `blog_category` [ RunTime:0.001402s ]
NOTIC: [4096] Object of class Think\Model could not be converted to string D:\wamp64\www\mkblog\blog\Admin\Controller\CategoryController.class.php 第 26 行.
SQL: SELECT * FROM `blog_category` WHERE ( `name` = '旅游' ) LIMIT 1   [ RunTime:0.000458s ]
INFO: [ app_end ] --START--
INFO: Run Behavior\ShowPageTraceBehavior [ RunTime:0.001639s ]
INFO: [ app_end ] --END-- [ RunTime:0.002084s ]

[ 2017-03-01T16:29:43+08:00 ] ::1 /mkblog/Admin/Category/addCategory
INFO: [ app_begin ] --START--
INFO: Run Behavior\ReadHtmlCacheBehavior [ RunTime:0.000420s ]
INFO: [ app_begin ] --END-- [ RunTime:0.000796s ]
NOTIC: [8192] mysql_connect(): The mysql extension is deprecated and will be removed in the future: use mysqli or PDO instead D:\wamp64\www\mkblog\ThinkPHP\Library\Think\Db\Driver\Mysql.class.php 第 52 行.
SQL: SHOW COLUMNS FROM `blog_category` [ RunTime:0.002151s ]
NOTIC: [4096] Object of class Think\Model could not be converted to string D:\wamp64\www\mkblog\blog\Admin\Controller\CategoryController.class.php 第 26 行.
SQL: SELECT * FROM `blog_category` WHERE ( `name` = '旅游' ) LIMIT 1   [ RunTime:0.000484s ]
INFO: [ app_end ] --START--
INFO: Run Behavior\ShowPageTraceBehavior [ RunTime:0.001059s ]
INFO: [ app_end ] --END-- [ RunTime:0.001312s ]

[ 2017-03-01T16:30:31+08:00 ] ::1 /mkblog/Admin/Category/addCategory
INFO: [ app_begin ] --START--
INFO: Run Behavior\ReadHtmlCacheBehavior [ RunTime:0.000609s ]
INFO: [ app_begin ] --END-- [ RunTime:0.001525s ]
NOTIC: [8192] mysql_connect(): The mysql extension is deprecated and will be removed in the future: use mysqli or PDO instead D:\wamp64\www\mkblog\ThinkPHP\Library\Think\Db\Driver\Mysql.class.php 第 52 行.
SQL: SHOW COLUMNS FROM `blog_category` [ RunTime:0.001099s ]
NOTIC: [4096] Object of class Think\Model could not be converted to string D:\wamp64\www\mkblog\blog\Admin\Controller\CategoryController.class.php 第 26 行.
SQL: SELECT * FROM `blog_category` WHERE ( `name` = '旅游' ) LIMIT 1   [ RunTime:0.000561s ]
INFO: [ app_end ] --START--
INFO: Run Behavior\ShowPageTraceBehavior [ RunTime:0.001231s ]
INFO: [ app_end ] --END-- [ RunTime:0.001438s ]

[ 2017-03-01T16:33:50+08:00 ] ::1 /mkblog/Admin/Category/addCategory
INFO: [ app_begin ] --START--
INFO: Run Behavior\ReadHtmlCacheBehavior [ RunTime:0.000619s ]
INFO: [ app_begin ] --END-- [ RunTime:0.001208s ]
NOTIC: [8192] mysql_connect(): The mysql extension is deprecated and will be removed in the future: use mysqli or PDO instead D:\wamp64\www\mkblog\ThinkPHP\Library\Think\Db\Driver\Mysql.class.php 第 52 行.
SQL: SHOW COLUMNS FROM `blog_category` [ RunTime:0.002500s ]
NOTIC: [4096] Object of class Think\Model could not be converted to string D:\wamp64\www\mkblog\blog\Admin\Controller\CategoryController.class.php 第 26 行.
SQL: SELECT * FROM `blog_category` WHERE ( `name` = '旅游' ) LIMIT 1   [ RunTime:0.001883s ]
INFO: [ app_end ] --START--
INFO: Run Behavior\ShowPageTraceBehavior [ RunTime:0.002156s ]
INFO: [ app_end ] --END-- [ RunTime:0.002725s ]

[ 2017-03-01T16:33:52+08:00 ] ::1 /mkblog/Admin/Category/addCategory
INFO: [ app_begin ] --START--
INFO: Run Behavior\ReadHtmlCacheBehavior [ RunTime:0.000667s ]
INFO: [ app_begin ] --END-- [ RunTime:0.001318s ]
NOTIC: [8192] mysql_connect(): The mysql extension is deprecated and will be removed in the future: use mysqli or PDO instead D:\wamp64\www\mkblog\ThinkPHP\Library\Think\Db\Driver\Mysql.class.php 第 52 行.
SQL: SHOW COLUMNS FROM `blog_category` [ RunTime:0.001067s ]
NOTIC: [4096] Object of class Think\Model could not be converted to string D:\wamp64\www\mkblog\blog\Admin\Controller\CategoryController.class.php 第 26 行.
SQL: SELECT * FROM `blog_category` WHERE ( `name` = '旅游' ) LIMIT 1   [ RunTime:0.000458s ]
INFO: [ app_end ] --START--
INFO: Run Behavior\ShowPageTraceBehavior [ RunTime:0.000782s ]
INFO: [ app_end ] --END-- [ RunTime:0.000934s ]

[ 2017-03-01T16:33:53+08:00 ] ::1 /mkblog/Admin/Category/addCategory
INFO: [ app_begin ] --START--
INFO: Run Behavior\ReadHtmlCacheBehavior [ RunTime:0.000379s ]
INFO: [ app_begin ] --END-- [ RunTime:0.000747s ]
NOTIC: [8192] mysql_connect(): The mysql extension is deprecated and will be removed in the future: use mysqli or PDO instead D:\wamp64\www\mkblog\ThinkPHP\Library\Think\Db\Driver\Mysql.class.php 第 52 行.
SQL: SHOW COLUMNS FROM `blog_category` [ RunTime:0.001412s ]
NOTIC: [4096] Object of class Think\Model could not be converted to string D:\wamp64\www\mkblog\blog\Admin\Controller\CategoryController.class.php 第 26 行.
SQL: SELECT * FROM `blog_category` WHERE ( `name` = '旅游' ) LIMIT 1   [ RunTime:0.000512s ]
INFO: [ app_end ] --START--
INFO: Run Behavior\ShowPageTraceBehavior [ RunTime:0.001083s ]
INFO: [ app_end ] --END-- [ RunTime:0.001300s ]

[ 2017-03-01T16:41:39+08:00 ] ::1 /mkblog/Admin/Category/addCategory
INFO: [ app_begin ] --START--
INFO: Run Behavior\ReadHtmlCacheBehavior [ RunTime:0.000654s ]
INFO: [ app_begin ] --END-- [ RunTime:0.001390s ]
NOTIC: [8192] mysql_connect(): The mysql extension is deprecated and will be removed in the future: use mysqli or PDO instead D:\wamp64\www\mkblog\ThinkPHP\Library\Think\Db\Driver\Mysql.class.php 第 52 行.
SQL: SHOW COLUMNS FROM `blog_category` [ RunTime:0.001790s ]
NOTIC: [4096] Object of class Think\Model could not be converted to string D:\wamp64\www\mkblog\blog\Admin\Controller\CategoryController.class.php 第 26 行.
SQL: SELECT * FROM `blog_category` WHERE ( `name` = '旅游' ) LIMIT 1   [ RunTime:0.000854s ]
INFO: [ app_end ] --START--
INFO: Run Behavior\ShowPageTraceBehavior [ RunTime:0.001063s ]
INFO: [ app_end ] --END-- [ RunTime:0.001271s ]

[ 2017-03-01T17:12:17+08:00 ] ::1 /mkblog/Admin/Category/addCategory
INFO: [ app_begin ] --START--
INFO: Run Behavior\ReadHtmlCacheBehavior [ RunTime:0.000502s ]
INFO: [ app_begin ] --END-- [ RunTime:0.000913s ]
NOTIC: [8192] mysql_connect(): The mysql extension is deprecated and will be removed in the future: use mysqli or PDO instead D:\wamp64\www\mkblog\ThinkPHP\Library\Think\Db\Driver\Mysql.class.php 第 52 行.
SQL: SHOW COLUMNS FROM `blog_category` [ RunTime:0.000960s ]
NOTIC: [4096] Object of class Think\Model could not be converted to string D:\wamp64\www\mkblog\blog\Admin\Controller\CategoryController.class.php 第 26 行.
SQL: SELECT * FROM `blog_category` WHERE ( `name` = '旅游' ) LIMIT 1   [ RunTime:0.000292s ]
INFO: [ app_end ] --START--
INFO: Run Behavior\ShowPageTraceBehavior [ RunTime:0.000600s ]
INFO: [ app_end ] --END-- [ RunTime:0.000727s ]

[ 2017-03-01T17:12:18+08:00 ] ::1 /mkblog/Admin/Category/addCategory
INFO: [ app_begin ] --START--
INFO: Run Behavior\ReadHtmlCacheBehavior [ RunTime:0.000374s ]
INFO: [ app_begin ] --END-- [ RunTime:0.000712s ]
NOTIC: [8192] mysql_connect(): The mysql extension is deprecated and will be removed in the future: use mysqli or PDO instead D:\wamp64\www\mkblog\ThinkPHP\Library\Think\Db\Driver\Mysql.class.php 第 52 行.
SQL: SHOW COLUMNS FROM `blog_category` [ RunTime:0.000828s ]
NOTIC: [4096] Object of class Think\Model could not be converted to string D:\wamp64\www\mkblog\blog\Admin\Controller\CategoryController.class.php 第 26 行.
SQL: SELECT * FROM `blog_category` WHERE ( `name` = '旅游' ) LIMIT 1   [ RunTime:0.000318s ]
INFO: [ app_end ] --START--
INFO: Run Behavior\ShowPageTraceBehavior [ RunTime:0.000696s ]
INFO: [ app_end ] --END-- [ RunTime:0.000811s ]

[ 2017-03-01T17:12:34+08:00 ] ::1 /mkblog/Admin/Category/addCategory
INFO: [ app_begin ] --START--
INFO: Run Behavior\ReadHtmlCacheBehavior [ RunTime:0.000489s ]
INFO: [ app_begin ] --END-- [ RunTime:0.000865s ]
NOTIC: [8192] mysql_connect(): The mysql extension is deprecated and will be removed in the future: use mysqli or PDO instead D:\wamp64\www\mkblog\ThinkPHP\Library\Think\Db\Driver\Mysql.class.php 第 52 行.
SQL: SHOW COLUMNS FROM `blog_category` [ RunTime:0.001004s ]
NOTIC: [4096] Object of class Think\Model could not be converted to string D:\wamp64\www\mkblog\blog\Admin\Controller\CategoryController.class.php 第 26 行.
SQL: SELECT * FROM `blog_category` WHERE ( `name` = '旅游' ) LIMIT 1   [ RunTime:0.000259s ]
INFO: [ app_end ] --START--
INFO: Run Behavior\ShowPageTraceBehavior [ RunTime:0.001107s ]
INFO: [ app_end ] --END-- [ RunTime:0.001226s ]

[ 2017-03-01T17:12:39+08:00 ] ::1 /mkblog/Admin/Category/addCategory
INFO: [ app_begin ] --START--
INFO: Run Behavior\ReadHtmlCacheBehavior [ RunTime:0.000479s ]
INFO: [ app_begin ] --END-- [ RunTime:0.001033s ]
NOTIC: [8192] mysql_connect(): The mysql extension is deprecated and will be removed in the future: use mysqli or PDO instead D:\wamp64\www\mkblog\ThinkPHP\Library\Think\Db\Driver\Mysql.class.php 第 52 行.
SQL: SHOW COLUMNS FROM `blog_category` [ RunTime:0.001198s ]
NOTIC: [4096] Object of class Think\Model could not be converted to string D:\wamp64\www\mkblog\blog\Admin\Controller\CategoryController.class.php 第 26 行.
SQL: SELECT * FROM `blog_category` WHERE ( `name` = '旅游' ) LIMIT 1   [ RunTime:0.000527s ]
INFO: [ app_end ] --START--
INFO: Run Behavior\ShowPageTraceBehavior [ RunTime:0.000931s ]
INFO: [ app_end ] --END-- [ RunTime:0.001142s ]

[ 2017-03-01T17:18:56+08:00 ] ::1 /mkblog/Admin/Category/addCategory
INFO: [ app_begin ] --START--
INFO: Run Behavior\ReadHtmlCacheBehavior [ RunTime:0.000435s ]
INFO: [ app_begin ] --END-- [ RunTime:0.001036s ]
NOTIC: [8192] mysql_connect(): The mysql extension is deprecated and will be removed in the future: use mysqli or PDO instead D:\wamp64\www\mkblog\ThinkPHP\Library\Think\Db\Driver\Mysql.class.php 第 52 行.
SQL: SHOW COLUMNS FROM `blog_category` [ RunTime:0.001647s ]
NOTIC: [4096] Object of class Think\Model could not be converted to string D:\wamp64\www\mkblog\blog\Admin\Controller\CategoryController.class.php 第 26 行.
SQL: SELECT * FROM `blog_category` WHERE ( `name` = '旅游' ) LIMIT 1   [ RunTime:0.000622s ]
INFO: [ app_end ] --START--
INFO: Run Behavior\ShowPageTraceBehavior [ RunTime:0.001707s ]
INFO: [ app_end ] --END-- [ RunTime:0.001944s ]

[ 2017-03-01T17:18:58+08:00 ] ::1 /mkblog/Admin/Category/addCategory
INFO: [ app_begin ] --START--
INFO: Run Behavior\ReadHtmlCacheBehavior [ RunTime:0.000630s ]
INFO: [ app_begin ] --END-- [ RunTime:0.001227s ]
NOTIC: [8192] mysql_connect(): The mysql extension is deprecated and will be removed in the future: use mysqli or PDO instead D:\wamp64\www\mkblog\ThinkPHP\Library\Think\Db\Driver\Mysql.class.php 第 52 行.
SQL: SHOW COLUMNS FROM `blog_category` [ RunTime:0.001617s ]
NOTIC: [4096] Object of class Think\Model could not be converted to string D:\wamp64\www\mkblog\blog\Admin\Controller\CategoryController.class.php 第 26 行.
SQL: SELECT * FROM `blog_category` WHERE ( `name` = '旅游' ) LIMIT 1   [ RunTime:0.000527s ]
INFO: [ app_end ] --START--
INFO: Run Behavior\ShowPageTraceBehavior [ RunTime:0.000634s ]
INFO: [ app_end ] --END-- [ RunTime:0.000733s ]

[ 2017-03-01T17:19:41+08:00 ] ::1 /mkblog/Admin/Category/addCategory
INFO: [ app_begin ] --START--
INFO: Run Behavior\ReadHtmlCacheBehavior [ RunTime:0.000647s ]
INFO: [ app_begin ] --END-- [ RunTime:0.001272s ]
NOTIC: [8192] mysql_connect(): The mysql extension is deprecated and will be removed in the future: use mysqli or PDO instead D:\wamp64\www\mkblog\ThinkPHP\Library\Think\Db\Driver\Mysql.class.php 第 52 行.
SQL: SHOW COLUMNS FROM `blog_category` [ RunTime:0.001298s ]
NOTIC: [4096] Object of class Think\Model could not be converted to string D:\wamp64\www\mkblog\blog\Admin\Controller\CategoryController.class.php 第 27 行.
SQL: SELECT * FROM `blog_category` WHERE ( `name` = 'echo &quot;string&quot;;' ) LIMIT 1   [ RunTime:0.000434s ]
INFO: [ app_end ] --START--
INFO: Run Behavior\ShowPageTraceBehavior [ RunTime:0.001033s ]
INFO: [ app_end ] --END-- [ RunTime:0.001217s ]

[ 2017-03-01T17:19:42+08:00 ] ::1 /mkblog/Admin/Category/addCategory
INFO: [ app_begin ] --START--
INFO: Run Behavior\ReadHtmlCacheBehavior [ RunTime:0.000594s ]
INFO: [ app_begin ] --END-- [ RunTime:0.001135s ]
NOTIC: [8192] mysql_connect(): The mysql extension is deprecated and will be removed in the future: use mysqli or PDO instead D:\wamp64\www\mkblog\ThinkPHP\Library\Think\Db\Driver\Mysql.class.php 第 52 行.
SQL: SHOW COLUMNS FROM `blog_category` [ RunTime:0.001147s ]
NOTIC: [4096] Object of class Think\Model could not be converted to string D:\wamp64\www\mkblog\blog\Admin\Controller\CategoryController.class.php 第 27 行.
SQL: SELECT * FROM `blog_category` WHERE ( `name` = 'echo &quot;string&quot;;' ) LIMIT 1   [ RunTime:0.000493s ]
INFO: [ app_end ] --START--
INFO: Run Behavior\ShowPageTraceBehavior [ RunTime:0.001022s ]
INFO: [ app_end ] --END-- [ RunTime:0.001232s ]

[ 2017-03-01T17:19:42+08:00 ] ::1 /mkblog/Admin/Category/addCategory
INFO: [ app_begin ] --START--
INFO: Run Behavior\ReadHtmlCacheBehavior [ RunTime:0.000661s ]
INFO: [ app_begin ] --END-- [ RunTime:0.001330s ]
NOTIC: [8192] mysql_connect(): The mysql extension is deprecated and will be removed in the future: use mysqli or PDO instead D:\wamp64\www\mkblog\ThinkPHP\Library\Think\Db\Driver\Mysql.class.php 第 52 行.
SQL: SHOW COLUMNS FROM `blog_category` [ RunTime:0.001326s ]
NOTIC: [4096] Object of class Think\Model could not be converted to string D:\wamp64\www\mkblog\blog\Admin\Controller\CategoryController.class.php 第 27 行.
SQL: SELECT * FROM `blog_category` WHERE ( `name` = 'echo &quot;string&quot;;' ) LIMIT 1   [ RunTime:0.000467s ]
INFO: [ app_end ] --START--
INFO: Run Behavior\ShowPageTraceBehavior [ RunTime:0.000944s ]
INFO: [ app_end ] --END-- [ RunTime:0.001123s ]

[ 2017-03-01T17:19:43+08:00 ] ::1 /mkblog/Admin/Category/addCategory
INFO: [ app_begin ] --START--
INFO: Run Behavior\ReadHtmlCacheBehavior [ RunTime:0.000637s ]
INFO: [ app_begin ] --END-- [ RunTime:0.001270s ]
NOTIC: [8192] mysql_connect(): The mysql extension is deprecated and will be removed in the future: use mysqli or PDO instead D:\wamp64\www\mkblog\ThinkPHP\Library\Think\Db\Driver\Mysql.class.php 第 52 行.
SQL: SHOW COLUMNS FROM `blog_category` [ RunTime:0.001567s ]
NOTIC: [4096] Object of class Think\Model could not be converted to string D:\wamp64\www\mkblog\blog\Admin\Controller\CategoryController.class.php 第 27 行.
SQL: SELECT * FROM `blog_category` WHERE ( `name` = 'echo &quot;string&quot;;' ) LIMIT 1   [ RunTime:0.000700s ]
INFO: [ app_end ] --START--
INFO: Run Behavior\ShowPageTraceBehavior [ RunTime:0.001350s ]
INFO: [ app_end ] --END-- [ RunTime:0.001567s ]

[ 2017-03-01T17:19:43+08:00 ] ::1 /mkblog/Admin/Category/addCategory
INFO: [ app_begin ] --START--
INFO: Run Behavior\ReadHtmlCacheBehavior [ RunTime:0.000922s ]
INFO: [ app_begin ] --END-- [ RunTime:0.001477s ]
NOTIC: [8192] mysql_connect(): The mysql extension is deprecated and will be removed in the future: use mysqli or PDO instead D:\wamp64\www\mkblog\ThinkPHP\Library\Think\Db\Driver\Mysql.class.php 第 52 行.
SQL: SHOW COLUMNS FROM `blog_category` [ RunTime:0.000852s ]
NOTIC: [4096] Object of class Think\Model could not be converted to string D:\wamp64\www\mkblog\blog\Admin\Controller\CategoryController.class.php 第 27 行.
SQL: SELECT * FROM `blog_category` WHERE ( `name` = 'echo &quot;string&quot;;' ) LIMIT 1   [ RunTime:0.000493s ]
INFO: [ app_end ] --START--
INFO: Run Behavior\ShowPageTraceBehavior [ RunTime:0.001207s ]
INFO: [ app_end ] --END-- [ RunTime:0.001395s ]

[ 2017-03-01T17:19:43+08:00 ] ::1 /mkblog/Admin/Category/addCategory
INFO: [ app_begin ] --START--
INFO: Run Behavior\ReadHtmlCacheBehavior [ RunTime:0.000543s ]
INFO: [ app_begin ] --END-- [ RunTime:0.001132s ]
NOTIC: [8192] mysql_connect(): The mysql extension is deprecated and will be removed in the future: use mysqli or PDO instead D:\wamp64\www\mkblog\ThinkPHP\Library\Think\Db\Driver\Mysql.class.php 第 52 行.
SQL: SHOW COLUMNS FROM `blog_category` [ RunTime:0.001199s ]
NOTIC: [4096] Object of class Think\Model could not be converted to string D:\wamp64\www\mkblog\blog\Admin\Controller\CategoryController.class.php 第 27 行.
SQL: SELECT * FROM `blog_category` WHERE ( `name` = 'echo &quot;string&quot;;' ) LIMIT 1   [ RunTime:0.000508s ]
INFO: [ app_end ] --START--
INFO: Run Behavior\ShowPageTraceBehavior [ RunTime:0.001176s ]
INFO: [ app_end ] --END-- [ RunTime:0.001396s ]

[ 2017-03-01T17:20:22+08:00 ] ::1 /mkblog/Admin/Category/addCategory
INFO: [ app_begin ] --START--
INFO: Run Behavior\ReadHtmlCacheBehavior [ RunTime:0.000411s ]
INFO: [ app_begin ] --END-- [ RunTime:0.000804s ]
NOTIC: [8192] mysql_connect(): The mysql extension is deprecated and will be removed in the future: use mysqli or PDO instead D:\wamp64\www\mkblog\ThinkPHP\Library\Think\Db\Driver\Mysql.class.php 第 52 行.
SQL: SHOW COLUMNS FROM `blog_category` [ RunTime:0.001037s ]

[ 2017-03-01T17:20:23+08:00 ] ::1 /mkblog/Admin/Category/addCategory
INFO: [ app_begin ] --START--
INFO: Run Behavior\ReadHtmlCacheBehavior [ RunTime:0.000707s ]
INFO: [ app_begin ] --END-- [ RunTime:0.001286s ]
NOTIC: [8192] mysql_connect(): The mysql extension is deprecated and will be removed in the future: use mysqli or PDO instead D:\wamp64\www\mkblog\ThinkPHP\Library\Think\Db\Driver\Mysql.class.php 第 52 行.
SQL: SHOW COLUMNS FROM `blog_category` [ RunTime:0.000997s ]

[ 2017-03-01T17:20:23+08:00 ] ::1 /mkblog/Admin/Category/addCategory
INFO: [ app_begin ] --START--
INFO: Run Behavior\ReadHtmlCacheBehavior [ RunTime:0.000802s ]
INFO: [ app_begin ] --END-- [ RunTime:0.001505s ]
NOTIC: [8192] mysql_connect(): The mysql extension is deprecated and will be removed in the future: use mysqli or PDO instead D:\wamp64\www\mkblog\ThinkPHP\Library\Think\Db\Driver\Mysql.class.php 第 52 行.
SQL: SHOW COLUMNS FROM `blog_category` [ RunTime:0.000914s ]

[ 2017-03-01T17:20:23+08:00 ] ::1 /mkblog/Admin/Category/addCategory
INFO: [ app_begin ] --START--
INFO: Run Behavior\ReadHtmlCacheBehavior [ RunTime:0.000638s ]
INFO: [ app_begin ] --END-- [ RunTime:0.001239s ]
NOTIC: [8192] mysql_connect(): The mysql extension is deprecated and will be removed in the future: use mysqli or PDO instead D:\wamp64\www\mkblog\ThinkPHP\Library\Think\Db\Driver\Mysql.class.php 第 52 行.
SQL: SHOW COLUMNS FROM `blog_category` [ RunTime:0.001013s ]

[ 2017-03-01T17:20:26+08:00 ] ::1 /mkblog/Admin/Category/addCategory
INFO: [ app_begin ] --START--
INFO: Run Behavior\ReadHtmlCacheBehavior [ RunTime:0.000705s ]
INFO: [ app_begin ] --END-- [ RunTime:0.001385s ]
NOTIC: [8192] mysql_connect(): The mysql extension is deprecated and will be removed in the future: use mysqli or PDO instead D:\wamp64\www\mkblog\ThinkPHP\Library\Think\Db\Driver\Mysql.class.php 第 52 行.
SQL: SHOW COLUMNS FROM `blog_category` [ RunTime:0.000946s ]

[ 2017-03-01T17:20:26+08:00 ] ::1 /mkblog/Admin/Category/addCategory
INFO: [ app_begin ] --START--
INFO: Run Behavior\ReadHtmlCacheBehavior [ RunTime:0.000518s ]
INFO: [ app_begin ] --END-- [ RunTime:0.001025s ]
NOTIC: [8192] mysql_connect(): The mysql extension is deprecated and will be removed in the future: use mysqli or PDO instead D:\wamp64\www\mkblog\ThinkPHP\Library\Think\Db\Driver\Mysql.class.php 第 52 行.
SQL: SHOW COLUMNS FROM `blog_category` [ RunTime:0.000932s ]

[ 2017-03-01T17:20:26+08:00 ] ::1 /mkblog/Admin/Category/addCategory
INFO: [ app_begin ] --START--
INFO: Run Behavior\ReadHtmlCacheBehavior [ RunTime:0.000654s ]
INFO: [ app_begin ] --END-- [ RunTime:0.001205s ]
NOTIC: [8192] mysql_connect(): The mysql extension is deprecated and will be removed in the future: use mysqli or PDO instead D:\wamp64\www\mkblog\ThinkPHP\Library\Think\Db\Driver\Mysql.class.php 第 52 行.
SQL: SHOW COLUMNS FROM `blog_category` [ RunTime:0.001588s ]

[ 2017-03-01T17:21:01+08:00 ] ::1 /mkblog/Admin/Category/addCategory
INFO: [ app_begin ] --START--
INFO: Run Behavior\ReadHtmlCacheBehavior [ RunTime:0.001132s ]
INFO: [ app_begin ] --END-- [ RunTime:0.001687s ]
NOTIC: [8192] mysql_connect(): The mysql extension is deprecated and will be removed in the future: use mysqli or PDO instead D:\wamp64\www\mkblog\ThinkPHP\Library\Think\Db\Driver\Mysql.class.php 第 52 行.
SQL: SHOW COLUMNS FROM `blog_category` [ RunTime:0.000868s ]
NOTIC: [4096] Object of class Think\Model could not be converted to string D:\wamp64\www\mkblog\blog\Admin\Controller\CategoryController.class.php 第 26 行.
SQL: SELECT * FROM `blog_category` WHERE ( `name` = 'exit;' ) LIMIT 1   [ RunTime:0.000647s ]
INFO: [ app_end ] --START--
INFO: Run Behavior\ShowPageTraceBehavior [ RunTime:0.000946s ]
INFO: [ app_end ] --END-- [ RunTime:0.001169s ]

[ 2017-03-01T17:21:33+08:00 ] ::1 /mkblog/Admin/Category/addCategory
INFO: [ app_begin ] --START--
INFO: Run Behavior\ReadHtmlCacheBehavior [ RunTime:0.000686s ]
INFO: [ app_begin ] --END-- [ RunTime:0.001460s ]
NOTIC: [8192] mysql_connect(): The mysql extension is deprecated and will be removed in the future: use mysqli or PDO instead D:\wamp64\www\mkblog\ThinkPHP\Library\Think\Db\Driver\Mysql.class.php 第 52 行.
SQL: SHOW COLUMNS FROM `blog_category` [ RunTime:0.002056s ]
NOTIC: [4096] Object of class Think\Model could not be converted to string D:\wamp64\www\mkblog\blog\Admin\Controller\CategoryController.class.php 第 26 行.
SQL: SELECT * FROM `blog_category` WHERE ( `name` = 'exit;' ) LIMIT 1   [ RunTime:0.001534s ]
INFO: [ app_end ] --START--
INFO: Run Behavior\ShowPageTraceBehavior [ RunTime:0.001222s ]
INFO: [ app_end ] --END-- [ RunTime:0.001601s ]

[ 2017-03-01T17:22:09+08:00 ] ::1 /mkblog/Admin/Category/addCategory
INFO: [ app_begin ] --START--
INFO: Run Behavior\ReadHtmlCacheBehavior [ RunTime:0.001564s ]
INFO: [ app_begin ] --END-- [ RunTime:0.003628s ]
NOTIC: [8192] mysql_connect(): The mysql extension is deprecated and will be removed in the future: use mysqli or PDO instead D:\wamp64\www\mkblog\ThinkPHP\Library\Think\Db\Driver\Mysql.class.php 第 52 行.
SQL: SHOW COLUMNS FROM `blog_category` [ RunTime:0.000967s ]
NOTIC: [4096] Object of class Think\Model could not be converted to string D:\wamp64\www\mkblog\blog\Admin\Controller\CategoryController.class.php 第 26 行.

[ 2017-03-01T17:23:11+08:00 ] ::1 /mkblog/Admin/Category/addCategory
INFO: [ app_begin ] --START--
INFO: Run Behavior\ReadHtmlCacheBehavior [ RunTime:0.000625s ]
INFO: [ app_begin ] --END-- [ RunTime:0.001240s ]
NOTIC: [8192] mysql_connect(): The mysql extension is deprecated and will be removed in the future: use mysqli or PDO instead D:\wamp64\www\mkblog\ThinkPHP\Library\Think\Db\Driver\Mysql.class.php 第 52 行.
SQL: SHOW COLUMNS FROM `blog_category` [ RunTime:0.001101s ]

[ 2017-03-01T17:27:20+08:00 ] ::1 /mkblog/Admin/Category/addCategory
INFO: [ app_begin ] --START--
INFO: Run Behavior\ReadHtmlCacheBehavior [ RunTime:0.000479s ]
INFO: [ app_begin ] --END-- [ RunTime:0.000885s ]
NOTIC: [8192] mysql_connect(): The mysql extension is deprecated and will be removed in the future: use mysqli or PDO instead D:\wamp64\www\mkblog\ThinkPHP\Library\Think\Db\Driver\Mysql.class.php 第 52 行.
SQL: SHOW COLUMNS FROM `blog_category` [ RunTime:0.000913s ]

[ 2017-03-01T17:28:25+08:00 ] ::1 /mkblog/Admin/Category/addCategory
INFO: [ app_begin ] --START--
INFO: Run Behavior\ReadHtmlCacheBehavior [ RunTime:0.000620s ]
INFO: [ app_begin ] --END-- [ RunTime:0.001003s ]
NOTIC: [8192] mysql_connect(): The mysql extension is deprecated and will be removed in the future: use mysqli or PDO instead D:\wamp64\www\mkblog\ThinkPHP\Library\Think\Db\Driver\Mysql.class.php 第 52 行.
SQL: SHOW COLUMNS FROM `blog_category` [ RunTime:0.000774s ]
NOTIC: [4096] Object of class Think\Model could not be converted to string D:\wamp64\www\mkblog\blog\Admin\Controller\CategoryController.class.php 第 26 行.

[ 2017-03-01T17:28:58+08:00 ] ::1 /mkblog/Admin/Category/addCategory
INFO: [ app_begin ] --START--
INFO: Run Behavior\ReadHtmlCacheBehavior [ RunTime:0.000692s ]
INFO: [ app_begin ] --END-- [ RunTime:0.001842s ]
NOTIC: [8192] mysql_connect(): The mysql extension is deprecated and will be removed in the future: use mysqli or PDO instead D:\wamp64\www\mkblog\ThinkPHP\Library\Think\Db\Driver\Mysql.class.php 第 52 行.
SQL: SHOW COLUMNS FROM `blog_category` [ RunTime:0.001499s ]

[ 2017-03-01T17:33:25+08:00 ] ::1 /mkblog/Admin/Category/addCategory
INFO: [ app_begin ] --START--
INFO: Run Behavior\ReadHtmlCacheBehavior [ RunTime:0.000632s ]
INFO: [ app_begin ] --END-- [ RunTime:0.001283s ]
NOTIC: [8192] mysql_connect(): The mysql extension is deprecated and will be removed in the future: use mysqli or PDO instead D:\wamp64\www\mkblog\ThinkPHP\Library\Think\Db\Driver\Mysql.class.php 第 52 行.
SQL: SHOW COLUMNS FROM `blog_category` [ RunTime:0.001007s ]

[ 2017-03-01T17:34:45+08:00 ] ::1 /mkblog/Admin/Category/addCategory
INFO: [ app_begin ] --START--
INFO: Run Behavior\ReadHtmlCacheBehavior [ RunTime:0.001106s ]
INFO: [ app_begin ] --END-- [ RunTime:0.002425s ]
NOTIC: [8192] mysql_connect(): The mysql extension is deprecated and will be removed in the future: use mysqli or PDO instead D:\wamp64\www\mkblog\ThinkPHP\Library\Think\Db\Driver\Mysql.class.php 第 52 行.
SQL: SHOW COLUMNS FROM `blog_category` [ RunTime:0.000963s ]

[ 2017-03-01T17:38:49+08:00 ] ::1 /mkblog/Admin/Category/addCategory
INFO: [ app_begin ] --START--
INFO: Run Behavior\ReadHtmlCacheBehavior [ RunTime:0.000615s ]
INFO: [ app_begin ] --END-- [ RunTime:0.001200s ]
NOTIC: [8192] mysql_connect(): The mysql extension is deprecated and will be removed in the future: use mysqli or PDO instead D:\wamp64\www\mkblog\ThinkPHP\Library\Think\Db\Driver\Mysql.class.php 第 52 行.
SQL: SHOW COLUMNS FROM `blog_category` [ RunTime:0.000812s ]

[ 2017-03-01T17:41:45+08:00 ] ::1 /mkblog/Admin/Category/addCategory
INFO: [ app_begin ] --START--
INFO: Run Behavior\ReadHtmlCacheBehavior [ RunTime:0.000372s ]
INFO: [ app_begin ] --END-- [ RunTime:0.000792s ]
NOTIC: [8192] mysql_connect(): The mysql extension is deprecated and will be removed in the future: use mysqli or PDO instead D:\wamp64\www\mkblog\ThinkPHP\Library\Think\Db\Driver\Mysql.class.php 第 52 行.
SQL: SHOW COLUMNS FROM `blog_category` [ RunTime:0.001350s ]
SQL: SELECT * FROM `blog_category` WHERE ( `name` = '旅游' ) LIMIT 1   [ RunTime:0.000329s ]
SQL: INSERT INTO `blog_category` (`name`) VALUES ('旅游') [ RunTime:0.009940s ]

[ 2017-03-01T17:44:06+08:00 ] ::1 /mkblog/Admin/Category/addCategory
INFO: [ app_begin ] --START--
INFO: Run Behavior\ReadHtmlCacheBehavior [ RunTime:0.000374s ]
INFO: [ app_begin ] --END-- [ RunTime:0.000793s ]
NOTIC: [8192] mysql_connect(): The mysql extension is deprecated and will be removed in the future: use mysqli or PDO instead D:\wamp64\www\mkblog\ThinkPHP\Library\Think\Db\Driver\Mysql.class.php 第 52 行.
SQL: SHOW COLUMNS FROM `blog_category` [ RunTime:0.000562s ]
SQL: SELECT * FROM `blog_category` WHERE ( `name` = 'IT技术' ) LIMIT 1   [ RunTime:0.000302s ]
SQL: INSERT INTO `blog_category` (`name`) VALUES ('IT技术') [ RunTime:0.000333s ]

[ 2017-03-01T17:44:24+08:00 ] ::1 /mkblog/Admin/Category/addCategory
INFO: [ app_begin ] --START--
INFO: Run Behavior\ReadHtmlCacheBehavior [ RunTime:0.001204s ]
INFO: [ app_begin ] --END-- [ RunTime:0.001929s ]
NOTIC: [8192] mysql_connect(): The mysql extension is deprecated and will be removed in the future: use mysqli or PDO instead D:\wamp64\www\mkblog\ThinkPHP\Library\Think\Db\Driver\Mysql.class.php 第 52 行.
SQL: SHOW COLUMNS FROM `blog_category` [ RunTime:0.001529s ]
SQL: SELECT * FROM `blog_category` WHERE ( `name` = 'IT技术' ) LIMIT 1   [ RunTime:0.000792s ]

[ 2017-03-01T17:44:42+08:00 ] ::1 /mkblog/Admin/Category/addCategory
INFO: [ app_begin ] --START--
INFO: Run Behavior\ReadHtmlCacheBehavior [ RunTime:0.000417s ]
INFO: [ app_begin ] --END-- [ RunTime:0.001106s ]
NOTIC: [8192] mysql_connect(): The mysql extension is deprecated and will be removed in the future: use mysqli or PDO instead D:\wamp64\www\mkblog\ThinkPHP\Library\Think\Db\Driver\Mysql.class.php 第 52 行.
SQL: SHOW COLUMNS FROM `blog_category` [ RunTime:0.001360s ]
SQL: SELECT * FROM `blog_category` WHERE ( `name` = '生活' ) LIMIT 1   [ RunTime:0.000695s ]
SQL: INSERT INTO `blog_category` (`name`) VALUES ('生活') [ RunTime:0.000523s ]

[ 2017-03-01T17:50:38+08:00 ] ::1 /mkblog/Admin/Category/addCategory
INFO: [ app_begin ] --START--
INFO: Run Behavior\ReadHtmlCacheBehavior [ RunTime:0.000603s ]
INFO: [ app_begin ] --END-- [ RunTime:0.001200s ]
NOTIC: [8192] mysql_connect(): The mysql extension is deprecated and will be removed in the future: use mysqli or PDO instead D:\wamp64\www\mkblog\ThinkPHP\Library\Think\Db\Driver\Mysql.class.php 第 52 行.
SQL: SHOW COLUMNS FROM `blog_category` [ RunTime:0.001107s ]
SQL: SELECT * FROM `blog_category` WHERE ( `name` = '随笔' ) LIMIT 1   [ RunTime:0.000711s ]
SQL: INSERT INTO `blog_category` (`name`) VALUES ('随笔') [ RunTime:0.000509s ]

[ 2017-03-01T17:50:43+08:00 ] ::1 /mkblog/Admin/Category/addCategory
INFO: [ app_begin ] --START--
INFO: Run Behavior\ReadHtmlCacheBehavior [ RunTime:0.000596s ]
INFO: [ app_begin ] --END-- [ RunTime:0.001070s ]
NOTIC: [8192] mysql_connect(): The mysql extension is deprecated and will be removed in the future: use mysqli or PDO instead D:\wamp64\www\mkblog\ThinkPHP\Library\Think\Db\Driver\Mysql.class.php 第 52 行.
SQL: SHOW COLUMNS FROM `blog_category` [ RunTime:0.000983s ]
SQL: SELECT * FROM `blog_category` WHERE ( `name` = '随笔' ) LIMIT 1   [ RunTime:0.000480s ]

[ 2017-03-01T17:50:45+08:00 ] ::1 /mkblog/Admin/Category/addCategory
INFO: [ app_begin ] --START--
INFO: Run Behavior\ReadHtmlCacheBehavior [ RunTime:0.000552s ]
INFO: [ app_begin ] --END-- [ RunTime:0.000976s ]
NOTIC: [8192] mysql_connect(): The mysql extension is deprecated and will be removed in the future: use mysqli or PDO instead D:\wamp64\www\mkblog\ThinkPHP\Library\Think\Db\Driver\Mysql.class.php 第 52 行.
SQL: SHOW COLUMNS FROM `blog_category` [ RunTime:0.000877s ]
SQL: SELECT * FROM `blog_category` WHERE ( `name` = '随笔' ) LIMIT 1   [ RunTime:0.000491s ]

[ 2017-03-01T17:50:45+08:00 ] ::1 /mkblog/Admin/Category/addCategory
INFO: [ app_begin ] --START--
INFO: Run Behavior\ReadHtmlCacheBehavior [ RunTime:0.000857s ]
INFO: [ app_begin ] --END-- [ RunTime:0.001592s ]
NOTIC: [8192] mysql_connect(): The mysql extension is deprecated and will be removed in the future: use mysqli or PDO instead D:\wamp64\www\mkblog\ThinkPHP\Library\Think\Db\Driver\Mysql.class.php 第 52 行.
SQL: SHOW COLUMNS FROM `blog_category` [ RunTime:0.000633s ]
SQL: SELECT * FROM `blog_category` WHERE ( `name` = '随笔' ) LIMIT 1   [ RunTime:0.000341s ]

[ 2017-03-01T20:31:31+08:00 ] ::1 /mkblog/Admin/Login/doLogin
INFO: [ app_begin ] --START--
INFO: Run Behavior\ReadHtmlCacheBehavior [ RunTime:0.000971s ]
INFO: [ app_begin ] --END-- [ RunTime:0.001632s ]
NOTIC: [8192] mysql_connect(): The mysql extension is deprecated and will be removed in the future: use mysqli or PDO instead D:\wamp64\www\mkblog\ThinkPHP\Library\Think\Db\Driver\Mysql.class.php 第 52 行.
SQL: SHOW COLUMNS FROM `blog_accounts` [ RunTime:0.026576s ]
SQL: SELECT * FROM `blog_accounts` WHERE ( `name` = 'kelly' ) LIMIT 1   [ RunTime:0.003450s ]

[ 2017-03-01T20:31:37+08:00 ] ::1 /mkblog/Admin/page_user_profile_2.html
ERR: 无法加载控制器:Page_user_profile_2

[ 2017-03-01T20:31:52+08:00 ] ::1 /mkblog/Admin/Category/Category/management
ERR: 非法操作:Category

[ 2017-03-01T20:39:15+08:00 ] ::1 /mkblog/Admin/Category/dashboard_2.html
ERR: 非法操作:dashboard_2

[ 2017-03-01T21:14:59+08:00 ] ::1 /mkblog/Admin/Category/addCategory
INFO: [ app_begin ] --START--
INFO: Run Behavior\ReadHtmlCacheBehavior [ RunTime:0.000360s ]
INFO: [ app_begin ] --END-- [ RunTime:0.000670s ]
ERR: 非法操作:addCategory

[ 2017-03-01T21:15:01+08:00 ] ::1 /mkblog/Admin/Category/addCategory
INFO: [ app_begin ] --START--
INFO: Run Behavior\ReadHtmlCacheBehavior [ RunTime:0.000362s ]
INFO: [ app_begin ] --END-- [ RunTime:0.000676s ]
ERR: 非法操作:addCategory

[ 2017-03-01T23:02:59+08:00 ] ::1 /mkblog/Admin/Category/getCategories
INFO: [ app_begin ] --START--
INFO: Run Behavior\ReadHtmlCacheBehavior [ RunTime:0.000844s ]
INFO: [ app_begin ] --END-- [ RunTime:0.001446s ]
NOTIC: [8192] mysql_connect(): The mysql extension is deprecated and will be removed in the future: use mysqli or PDO instead D:\wamp64\www\mkblog\ThinkPHP\Library\Think\Db\Driver\Mysql.class.php 第 52 行.
SQL: SHOW COLUMNS FROM `blog_category` [ RunTime:0.001402s ]

[ 2017-03-01T23:03:47+08:00 ] ::1 /mkblog/Admin/Category/getCategories
INFO: [ app_begin ] --START--
INFO: Run Behavior\ReadHtmlCacheBehavior [ RunTime:0.000656s ]
INFO: [ app_begin ] --END-- [ RunTime:0.001248s ]
NOTIC: [8192] mysql_connect(): The mysql extension is deprecated and will be removed in the future: use mysqli or PDO instead D:\wamp64\www\mkblog\ThinkPHP\Library\Think\Db\Driver\Mysql.class.php 第 52 行.
SQL: SHOW COLUMNS FROM `blog_category` [ RunTime:0.001474s ]
SQL: SELECT COUNT(*) AS tp_count FROM `blog_category` LIMIT 1   [ RunTime:0.001452s ]
SQL: SELECT * FROM `blog_category` WHERE ( `name` = '' ) LIMIT 0,5   [ RunTime:0.002068s ]

[ 2017-03-01T23:04:37+08:00 ] ::1 /mkblog/Admin/Category/getCategories
INFO: [ app_begin ] --START--
INFO: Run Behavior\ReadHtmlCacheBehavior [ RunTime:0.000743s ]
INFO: [ app_begin ] --END-- [ RunTime:0.001455s ]
NOTIC: [8192] mysql_connect(): The mysql extension is deprecated and will be removed in the future: use mysqli or PDO instead D:\wamp64\www\mkblog\ThinkPHP\Library\Think\Db\Driver\Mysql.class.php 第 52 行.
SQL: SHOW COLUMNS FROM `blog_category` [ RunTime:0.000990s ]
SQL: SELECT COUNT(*) AS tp_count FROM `blog_category` LIMIT 1   [ RunTime:0.000389s ]
SQL: SELECT * FROM `blog_category` LIMIT 0,5   [ RunTime:0.001729s ]

[ 2017-03-01T23:05:00+08:00 ] ::1 /mkblog/Admin/Category/getCategories
INFO: [ app_begin ] --START--
INFO: Run Behavior\ReadHtmlCacheBehavior [ RunTime:0.000950s ]
INFO: [ app_begin ] --END-- [ RunTime:0.001598s ]
NOTIC: [8192] mysql_connect(): The mysql extension is deprecated and will be removed in the future: use mysqli or PDO instead D:\wamp64\www\mkblog\ThinkPHP\Library\Think\Db\Driver\Mysql.class.php 第 52 行.
SQL: SHOW COLUMNS FROM `blog_category` [ RunTime:0.001032s ]
SQL: SELECT COUNT(*) AS tp_count FROM `blog_category` LIMIT 1   [ RunTime:0.000433s ]
SQL: SELECT * FROM `blog_category` LIMIT 0,2   [ RunTime:0.000522s ]

