[ 2017-03-02T09:57:20+08:00 ] ::1 /mkblog/Admin/Login/doLogin
INFO: [ app_begin ] --START--
INFO: Run Behavior\ReadHtmlCacheBehavior [ RunTime:0.000577s ]
INFO: [ app_begin ] --END-- [ RunTime:0.001018s ]
NOTIC: [8192] mysql_connect(): The mysql extension is deprecated and will be removed in the future: use mysqli or PDO instead D:\wamp64\www\mkblog\ThinkPHP\Library\Think\Db\Driver\Mysql.class.php 第 52 行.
SQL: SHOW COLUMNS FROM `blog_accounts` [ RunTime:0.007697s ]
SQL: SELECT * FROM `blog_accounts` WHERE ( `name` = 'kelly' ) LIMIT 1   [ RunTime:0.000399s ]

[ 2017-03-02T09:57:29+08:00 ] ::1 /mkblog/Admin/Category/getCategories
INFO: [ app_begin ] --START--
INFO: Run Behavior\ReadHtmlCacheBehavior [ RunTime:0.000569s ]
INFO: [ app_begin ] --END-- [ RunTime:0.000973s ]
NOTIC: [8192] mysql_connect(): The mysql extension is deprecated and will be removed in the future: use mysqli or PDO instead D:\wamp64\www\mkblog\ThinkPHP\Library\Think\Db\Driver\Mysql.class.php 第 52 行.
SQL: SHOW COLUMNS FROM `blog_category` [ RunTime:0.001592s ]
SQL: SELECT COUNT(*) AS tp_count FROM `blog_category` LIMIT 1   [ RunTime:0.000423s ]
SQL: SELECT * FROM `blog_category` WHERE ( `name` LIKE '' ) ORDER BY createTime LIMIT 0,2   [ RunTime:0.002991s ]

[ 2017-03-02T11:05:20+08:00 ] ::1 /mkblog/admin/doLogin
INFO: [ app_begin ] --START--
INFO: Run Behavior\ReadHtmlCacheBehavior [ RunTime:0.000410s ]
INFO: [ app_begin ] --END-- [ RunTime:0.000759s ]
ERR: 无法加载控制器:DoLogin

[ 2017-03-02T11:05:23+08:00 ] ::1 /mkblog/admin/doLogin
INFO: [ app_begin ] --START--
INFO: Run Behavior\ReadHtmlCacheBehavior [ RunTime:0.000356s ]
INFO: [ app_begin ] --END-- [ RunTime:0.000667s ]
ERR: 无法加载控制器:DoLogin

[ 2017-03-02T11:05:24+08:00 ] ::1 /mkblog/admin/doLogin
INFO: [ app_begin ] --START--
INFO: Run Behavior\ReadHtmlCacheBehavior [ RunTime:0.000620s ]
INFO: [ app_begin ] --END-- [ RunTime:0.001231s ]
ERR: 无法加载控制器:DoLogin

[ 2017-03-02T11:05:24+08:00 ] ::1 /mkblog/admin/doLogin
INFO: [ app_begin ] --START--
INFO: Run Behavior\ReadHtmlCacheBehavior [ RunTime:0.000385s ]
INFO: [ app_begin ] --END-- [ RunTime:0.001111s ]
ERR: 无法加载控制器:DoLogin

[ 2017-03-02T11:05:27+08:00 ] ::1 /mkblog/admin/doLogin
INFO: [ app_begin ] --START--
INFO: Run Behavior\ReadHtmlCacheBehavior [ RunTime:0.000372s ]
INFO: [ app_begin ] --END-- [ RunTime:0.000712s ]
ERR: 无法加载控制器:DoLogin

[ 2017-03-02T11:06:21+08:00 ] ::1 /mkblog/Admin/Login/doLogin
INFO: [ app_begin ] --START--
INFO: Run Behavior\ReadHtmlCacheBehavior [ RunTime:0.000522s ]
INFO: [ app_begin ] --END-- [ RunTime:0.001025s ]
NOTIC: [8192] mysql_connect(): The mysql extension is deprecated and will be removed in the future: use mysqli or PDO instead D:\wamp64\www\mkblog\ThinkPHP\Library\Think\Db\Driver\Mysql.class.php 第 52 行.
SQL: SHOW COLUMNS FROM `blog_accounts` [ RunTime:0.002881s ]
SQL: SELECT * FROM `blog_accounts` WHERE ( `name` = 'kelly' ) LIMIT 1   [ RunTime:0.000522s ]

[ 2017-03-02T11:06:26+08:00 ] ::1 /mkblog/Admin/Category/getCategories?%E6%8A%80%E6%9C%AF
INFO: [ app_begin ] --START--
INFO: Run Behavior\ReadHtmlCacheBehavior [ RunTime:0.000439s ]
INFO: [ app_begin ] --END-- [ RunTime:0.000838s ]
NOTIC: [8192] mysql_connect(): The mysql extension is deprecated and will be removed in the future: use mysqli or PDO instead D:\wamp64\www\mkblog\ThinkPHP\Library\Think\Db\Driver\Mysql.class.php 第 52 行.
SQL: SHOW COLUMNS FROM `blog_category` [ RunTime:0.001896s ]
SQL: SELECT COUNT(*) AS tp_count FROM `blog_category` LIMIT 1   [ RunTime:0.000506s ]
SQL: SELECT * FROM `blog_category` WHERE ( `name` LIKE '' ) ORDER BY createTime LIMIT 0,2   [ RunTime:0.000856s ]

[ 2017-03-02T11:06:45+08:00 ] ::1 /mkblog/Admin/Category/Category/management
ERR: 非法操作:Category

[ 2017-03-02T11:06:52+08:00 ] ::1 /mkblog/Admin/Category/getCategories?%E6%8A%80%E6%9C%AF
INFO: [ app_begin ] --START--
INFO: Run Behavior\ReadHtmlCacheBehavior [ RunTime:0.000435s ]
INFO: [ app_begin ] --END-- [ RunTime:0.000839s ]
NOTIC: [8192] mysql_connect(): The mysql extension is deprecated and will be removed in the future: use mysqli or PDO instead D:\wamp64\www\mkblog\ThinkPHP\Library\Think\Db\Driver\Mysql.class.php 第 52 行.
SQL: SHOW COLUMNS FROM `blog_category` [ RunTime:0.002066s ]
SQL: SELECT COUNT(*) AS tp_count FROM `blog_category` LIMIT 1   [ RunTime:0.000531s ]
SQL: SELECT * FROM `blog_category` WHERE ( `name` LIKE '' ) ORDER BY createTime LIMIT 0,2   [ RunTime:0.000789s ]

[ 2017-03-02T11:08:07+08:00 ] ::1 /mkblog/Admin/Category/getCategories?%E6%8A%80%E6%9C%AF
INFO: [ app_begin ] --START--
INFO: Run Behavior\ReadHtmlCacheBehavior [ RunTime:0.000918s ]
INFO: [ app_begin ] --END-- [ RunTime:0.001757s ]
NOTIC: [8192] mysql_connect(): The mysql extension is deprecated and will be removed in the future: use mysqli or PDO instead D:\wamp64\www\mkblog\ThinkPHP\Library\Think\Db\Driver\Mysql.class.php 第 52 行.
SQL: SHOW COLUMNS FROM `blog_category` [ RunTime:0.001782s ]
SQL: SELECT COUNT(*) AS tp_count FROM `blog_category` LIMIT 1   [ RunTime:0.000619s ]
SQL: SELECT * FROM `blog_category` WHERE ( `name` LIKE '' ) ORDER BY createTime LIMIT 0,2   [ RunTime:0.000882s ]

[ 2017-03-02T11:08:36+08:00 ] ::1 /mkblog/Admin/Category/getCategories?IT%E6%8A%80%E6%9C%AF
INFO: [ app_begin ] --START--
INFO: Run Behavior\ReadHtmlCacheBehavior [ RunTime:0.000680s ]
INFO: [ app_begin ] --END-- [ RunTime:0.001261s ]
NOTIC: [8192] mysql_connect(): The mysql extension is deprecated and will be removed in the future: use mysqli or PDO instead D:\wamp64\www\mkblog\ThinkPHP\Library\Think\Db\Driver\Mysql.class.php 第 52 行.
SQL: SHOW COLUMNS FROM `blog_category` [ RunTime:0.001120s ]
SQL: SELECT COUNT(*) AS tp_count FROM `blog_category` LIMIT 1   [ RunTime:0.000342s ]
SQL: SELECT * FROM `blog_category` WHERE ( `name` LIKE '' ) ORDER BY createTime LIMIT 0,2   [ RunTime:0.000545s ]

[ 2017-03-02T11:09:08+08:00 ] ::1 /mkblog/Admin/Category/getCategories?name=IT%E6%8A%80%E6%9C%AF
INFO: [ app_begin ] --START--
INFO: Run Behavior\ReadHtmlCacheBehavior [ RunTime:0.000634s ]
INFO: [ app_begin ] --END-- [ RunTime:0.001172s ]
NOTIC: [8192] mysql_connect(): The mysql extension is deprecated and will be removed in the future: use mysqli or PDO instead D:\wamp64\www\mkblog\ThinkPHP\Library\Think\Db\Driver\Mysql.class.php 第 52 行.
SQL: SHOW COLUMNS FROM `blog_category` [ RunTime:0.001462s ]
SQL: SELECT COUNT(*) AS tp_count FROM `blog_category` LIMIT 1   [ RunTime:0.000355s ]
SQL: SELECT * FROM `blog_category` WHERE ( `name` LIKE 'IT技术' ) ORDER BY createTime LIMIT 0,2   [ RunTime:0.000564s ]

[ 2017-03-02T11:09:16+08:00 ] ::1 /mkblog/Admin/Category/getCategories?name=%E6%8A%80%E6%9C%AF
INFO: [ app_begin ] --START--
INFO: Run Behavior\ReadHtmlCacheBehavior [ RunTime:0.000409s ]
INFO: [ app_begin ] --END-- [ RunTime:0.000745s ]
NOTIC: [8192] mysql_connect(): The mysql extension is deprecated and will be removed in the future: use mysqli or PDO instead D:\wamp64\www\mkblog\ThinkPHP\Library\Think\Db\Driver\Mysql.class.php 第 52 行.
SQL: SHOW COLUMNS FROM `blog_category` [ RunTime:0.001120s ]
SQL: SELECT COUNT(*) AS tp_count FROM `blog_category` LIMIT 1   [ RunTime:0.000475s ]
SQL: SELECT * FROM `blog_category` WHERE ( `name` LIKE '技术' ) ORDER BY createTime LIMIT 0,2   [ RunTime:0.000584s ]

[ 2017-03-02T11:09:29+08:00 ] ::1 /mkblog/Admin/Category/getCategories?name=%E6%8A%80%E6%9C%AF
INFO: [ app_begin ] --START--
INFO: Run Behavior\ReadHtmlCacheBehavior [ RunTime:0.000525s ]
INFO: [ app_begin ] --END-- [ RunTime:0.000857s ]
NOTIC: [8192] mysql_connect(): The mysql extension is deprecated and will be removed in the future: use mysqli or PDO instead D:\wamp64\www\mkblog\ThinkPHP\Library\Think\Db\Driver\Mysql.class.php 第 52 行.
SQL: SHOW COLUMNS FROM `blog_category` [ RunTime:0.000902s ]
SQL: SELECT COUNT(*) AS tp_count FROM `blog_category` LIMIT 1   [ RunTime:0.000344s ]
SQL: SELECT * FROM `blog_category` WHERE ( `name` LIKE '技术' ) ORDER BY createTime LIMIT 0,2   [ RunTime:0.000369s ]

[ 2017-03-02T11:14:08+08:00 ] ::1 /mkblog/Admin/Category/getCategories?name=%E6%8A%80%E6%9C%AF
INFO: [ app_begin ] --START--
INFO: Run Behavior\ReadHtmlCacheBehavior [ RunTime:0.000403s ]
INFO: [ app_begin ] --END-- [ RunTime:0.000736s ]
NOTIC: [8192] mysql_connect(): The mysql extension is deprecated and will be removed in the future: use mysqli or PDO instead D:\wamp64\www\mkblog\ThinkPHP\Library\Think\Db\Driver\Mysql.class.php 第 52 行.
SQL: SHOW COLUMNS FROM `blog_category` [ RunTime:0.001045s ]
SQL: SELECT COUNT(*) AS tp_count FROM `blog_category` LIMIT 1   [ RunTime:0.000391s ]
SQL: SELECT * FROM `blog_category` WHERE ( `name` LIKE 0 ) ORDER BY createTime LIMIT 0,2   [ RunTime:0.001322s ]

[ 2017-03-02T11:15:26+08:00 ] ::1 /mkblog/Admin/Category/getCategories?name=%E6%8A%80%E6%9C%AF
INFO: [ app_begin ] --START--
INFO: Run Behavior\ReadHtmlCacheBehavior [ RunTime:0.000645s ]
INFO: [ app_begin ] --END-- [ RunTime:0.001106s ]
NOTIC: [8192] mysql_connect(): The mysql extension is deprecated and will be removed in the future: use mysqli or PDO instead D:\wamp64\www\mkblog\ThinkPHP\Library\Think\Db\Driver\Mysql.class.php 第 52 行.
SQL: SHOW COLUMNS FROM `blog_category` [ RunTime:0.001347s ]
SQL: SELECT COUNT(*) AS tp_count FROM `blog_category` LIMIT 1   [ RunTime:0.000509s ]
SQL: SELECT * FROM `blog_category` WHERE ( `name` LIKE '%技术%' ) ORDER BY createTime LIMIT 0,2   [ RunTime:0.000755s ]

[ 2017-03-02T11:24:40+08:00 ] ::1 /mkblog/Admin/Category/getCategories?name=%E6%8A%80%E6%9C%AF
INFO: [ app_begin ] --START--
INFO: Run Behavior\ReadHtmlCacheBehavior [ RunTime:0.000542s ]
INFO: [ app_begin ] --END-- [ RunTime:0.001002s ]
NOTIC: [8192] mysql_connect(): The mysql extension is deprecated and will be removed in the future: use mysqli or PDO instead D:\wamp64\www\mkblog\ThinkPHP\Library\Think\Db\Driver\Mysql.class.php 第 52 行.
SQL: SHOW COLUMNS FROM `blog_category` [ RunTime:0.001233s ]
SQL: SELECT COUNT(*) AS tp_count FROM `blog_category` LIMIT 1   [ RunTime:0.000338s ]
SQL: SELECT * FROM `blog_category` WHERE ( `name` LIKE '%技术%' ) ORDER BY createTime LIMIT 0,2   [ RunTime:0.000624s ]

[ 2017-03-02T12:32:03+08:00 ] ::1 /mkblog/Admin/Category/getCategories?name=%E6%8A%80%E6%9C%AF
INFO: [ app_begin ] --START--
INFO: Run Behavior\ReadHtmlCacheBehavior [ RunTime:0.000701s ]
INFO: [ app_begin ] --END-- [ RunTime:0.001298s ]
NOTIC: [8192] mysql_connect(): The mysql extension is deprecated and will be removed in the future: use mysqli or PDO instead D:\wamp64\www\mkblog\ThinkPHP\Library\Think\Db\Driver\Mysql.class.php 第 52 行.
SQL: SHOW COLUMNS FROM `blog_category` [ RunTime:0.001895s ]
SQL: SELECT COUNT(*) AS tp_count FROM `blog_category` LIMIT 1   [ RunTime:0.000357s ]
SQL: SELECT * FROM `blog_category` WHERE ( `name` LIKE '%技术%' ) ORDER BY createTime LIMIT 0,2   [ RunTime:0.000693s ]

[ 2017-03-02T12:32:07+08:00 ] ::1 /mkblog/Admin/Category/categoryModel
ERR: 非法操作:categoryModel

[ 2017-03-02T12:32:11+08:00 ] ::1 /mkblog/Admin/Category/getCategories?name=%E6%8A%80%E6%9C%AF
INFO: [ app_begin ] --START--
INFO: Run Behavior\ReadHtmlCacheBehavior [ RunTime:0.000525s ]
INFO: [ app_begin ] --END-- [ RunTime:0.001116s ]
NOTIC: [8192] mysql_connect(): The mysql extension is deprecated and will be removed in the future: use mysqli or PDO instead D:\wamp64\www\mkblog\ThinkPHP\Library\Think\Db\Driver\Mysql.class.php 第 52 行.
SQL: SHOW COLUMNS FROM `blog_category` [ RunTime:0.000970s ]
SQL: SELECT COUNT(*) AS tp_count FROM `blog_category` LIMIT 1   [ RunTime:0.000387s ]
SQL: SELECT * FROM `blog_category` WHERE ( `name` LIKE '%技术%' ) ORDER BY createTime LIMIT 0,2   [ RunTime:0.000396s ]

[ 2017-03-02T12:32:29+08:00 ] ::1 /mkblog/Admin/Category/getCategories?name=%E6%8A%80%E6%9C%AF
INFO: [ app_begin ] --START--
INFO: Run Behavior\ReadHtmlCacheBehavior [ RunTime:0.000832s ]
INFO: [ app_begin ] --END-- [ RunTime:0.001537s ]
NOTIC: [8192] mysql_connect(): The mysql extension is deprecated and will be removed in the future: use mysqli or PDO instead D:\wamp64\www\mkblog\ThinkPHP\Library\Think\Db\Driver\Mysql.class.php 第 52 行.
SQL: SHOW COLUMNS FROM `blog_category` [ RunTime:0.001011s ]
SQL: SELECT COUNT(*) AS tp_count FROM `blog_category` LIMIT 1   [ RunTime:0.000346s ]
SQL: SELECT * FROM `blog_category` WHERE ( `name` LIKE '%技术%' ) ORDER BY createTime LIMIT 0,2   [ RunTime:0.000508s ]

[ 2017-03-02T12:32:35+08:00 ] ::1 /mkblog/Admin/Category/getCategories?name=%E6%8A%80%E6%9C%AF
INFO: [ app_begin ] --START--
INFO: Run Behavior\ReadHtmlCacheBehavior [ RunTime:0.000626s ]
INFO: [ app_begin ] --END-- [ RunTime:0.001177s ]
NOTIC: [8192] mysql_connect(): The mysql extension is deprecated and will be removed in the future: use mysqli or PDO instead D:\wamp64\www\mkblog\ThinkPHP\Library\Think\Db\Driver\Mysql.class.php 第 52 行.
SQL: SHOW COLUMNS FROM `blog_category` [ RunTime:0.001710s ]
SQL: SELECT COUNT(*) AS tp_count FROM `blog_category` LIMIT 1   [ RunTime:0.000921s ]
SQL: SELECT * FROM `blog_category` WHERE ( `name` LIKE '%技术%' ) ORDER BY createTime LIMIT 0,2   [ RunTime:0.000771s ]

[ 2017-03-02T12:35:37+08:00 ] ::1 /mkblog/Admin/Category/getCategories?name=%E6%8A%80%E6%9C%AF
INFO: [ app_begin ] --START--
INFO: Run Behavior\ReadHtmlCacheBehavior [ RunTime:0.000753s ]
INFO: [ app_begin ] --END-- [ RunTime:0.001372s ]
NOTIC: [8192] mysql_connect(): The mysql extension is deprecated and will be removed in the future: use mysqli or PDO instead D:\wamp64\www\mkblog\ThinkPHP\Library\Think\Db\Driver\Mysql.class.php 第 52 行.
SQL: SHOW COLUMNS FROM `blog_category` [ RunTime:0.001546s ]
SQL: SELECT COUNT(*) AS tp_count FROM `blog_category` LIMIT 1   [ RunTime:0.000556s ]
SQL: SELECT * FROM `blog_category` WHERE ( `name` LIKE '%技术%' ) ORDER BY createTime LIMIT 0,2   [ RunTime:0.000674s ]

[ 2017-03-02T12:35:57+08:00 ] ::1 /mkblog/Admin/Category/getCategories?name=%E6%8A%80%E6%9C%AF
INFO: [ app_begin ] --START--
INFO: Run Behavior\ReadHtmlCacheBehavior [ RunTime:0.000602s ]
INFO: [ app_begin ] --END-- [ RunTime:0.001109s ]
NOTIC: [8192] mysql_connect(): The mysql extension is deprecated and will be removed in the future: use mysqli or PDO instead D:\wamp64\www\mkblog\ThinkPHP\Library\Think\Db\Driver\Mysql.class.php 第 52 行.
SQL: SHOW COLUMNS FROM `blog_category` [ RunTime:0.001252s ]
SQL: SELECT COUNT(*) AS tp_count FROM `blog_category` LIMIT 1   [ RunTime:0.000331s ]
SQL: SELECT * FROM `blog_category` WHERE ( `name` LIKE '%技术%' ) ORDER BY createTime LIMIT 0,2   [ RunTime:0.000586s ]

[ 2017-03-02T12:36:10+08:00 ] ::1 /mkblog/Admin/Category/getCategories?name=%E6%8A%80%E6%9C%AF
INFO: [ app_begin ] --START--
INFO: Run Behavior\ReadHtmlCacheBehavior [ RunTime:0.000412s ]
INFO: [ app_begin ] --END-- [ RunTime:0.000740s ]
NOTIC: [8192] mysql_connect(): The mysql extension is deprecated and will be removed in the future: use mysqli or PDO instead D:\wamp64\www\mkblog\ThinkPHP\Library\Think\Db\Driver\Mysql.class.php 第 52 行.
SQL: SHOW COLUMNS FROM `blog_category` [ RunTime:0.001398s ]
SQL: SELECT COUNT(*) AS tp_count FROM `blog_category` LIMIT 1   [ RunTime:0.000547s ]
SQL: SELECT * FROM `blog_category` WHERE ( `name` LIKE '%技术%' ) ORDER BY createTime LIMIT 0,2   [ RunTime:0.000845s ]

[ 2017-03-02T12:36:50+08:00 ] ::1 /mkblog/Admin/Category/getCategories?name=%E6%8A%80%E6%9C%AF
INFO: [ app_begin ] --START--
INFO: Run Behavior\ReadHtmlCacheBehavior [ RunTime:0.000731s ]
INFO: [ app_begin ] --END-- [ RunTime:0.001309s ]
NOTIC: [8192] mysql_connect(): The mysql extension is deprecated and will be removed in the future: use mysqli or PDO instead D:\wamp64\www\mkblog\ThinkPHP\Library\Think\Db\Driver\Mysql.class.php 第 52 行.
SQL: SHOW COLUMNS FROM `blog_category` [ RunTime:0.000928s ]
SQL: SELECT COUNT(*) AS tp_count FROM `blog_category` LIMIT 1   [ RunTime:0.000388s ]
SQL: SELECT * FROM `blog_category` WHERE ( `name` LIKE '%技术%' ) ORDER BY createTime LIMIT 0,2   [ RunTime:0.000726s ]

[ 2017-03-02T12:37:35+08:00 ] ::1 /mkblog/Admin/Category/getCategories?name=%E6%8A%80%E6%9C%AF
INFO: [ app_begin ] --START--
INFO: Run Behavior\ReadHtmlCacheBehavior [ RunTime:0.000673s ]
INFO: [ app_begin ] --END-- [ RunTime:0.001224s ]
NOTIC: [8192] mysql_connect(): The mysql extension is deprecated and will be removed in the future: use mysqli or PDO instead D:\wamp64\www\mkblog\ThinkPHP\Library\Think\Db\Driver\Mysql.class.php 第 52 行.
SQL: SHOW COLUMNS FROM `blog_category` [ RunTime:0.001085s ]
SQL: SELECT COUNT(*) AS tp_count FROM `blog_category` LIMIT 1   [ RunTime:0.000479s ]
SQL: SELECT * FROM `blog_category` WHERE ( `name` LIKE '%技术%' ) ORDER BY createTime LIMIT 0,2   [ RunTime:0.000702s ]

[ 2017-03-02T12:38:02+08:00 ] ::1 /mkblog/Admin/Category/getCategories?name=%E6%8A%80%E6%9C%AF
INFO: [ app_begin ] --START--
INFO: Run Behavior\ReadHtmlCacheBehavior [ RunTime:0.000442s ]
INFO: [ app_begin ] --END-- [ RunTime:0.000764s ]
NOTIC: [8192] mysql_connect(): The mysql extension is deprecated and will be removed in the future: use mysqli or PDO instead D:\wamp64\www\mkblog\ThinkPHP\Library\Think\Db\Driver\Mysql.class.php 第 52 行.
SQL: SHOW COLUMNS FROM `blog_category` [ RunTime:0.001225s ]
SQL: SELECT COUNT(*) AS tp_count FROM `blog_category` LIMIT 1   [ RunTime:0.000407s ]
SQL: SELECT * FROM `blog_category` WHERE ( `name` LIKE '%技术%' ) ORDER BY createTime LIMIT 0,2   [ RunTime:0.000584s ]

[ 2017-03-02T12:38:37+08:00 ] ::1 /mkblog/Admin/Category/getCategories?name=%E6%8A%80%E6%9C%AF
INFO: [ app_begin ] --START--
INFO: Run Behavior\ReadHtmlCacheBehavior [ RunTime:0.001765s ]
INFO: [ app_begin ] --END-- [ RunTime:0.002530s ]
NOTIC: [8192] mysql_connect(): The mysql extension is deprecated and will be removed in the future: use mysqli or PDO instead D:\wamp64\www\mkblog\ThinkPHP\Library\Think\Db\Driver\Mysql.class.php 第 52 行.
SQL: SHOW COLUMNS FROM `blog_category` [ RunTime:0.002029s ]
SQL: SELECT COUNT(*) AS tp_count FROM `blog_category` LIMIT 1   [ RunTime:0.000552s ]
SQL: SELECT * FROM `blog_category` WHERE ( `name` LIKE '%技术%' ) ORDER BY createTime LIMIT 0,2   [ RunTime:0.000565s ]

[ 2017-03-02T12:38:51+08:00 ] ::1 /mkblog/Admin/Category/getCategories?name=%E6%8A%80%E6%9C%AF
INFO: [ app_begin ] --START--
INFO: Run Behavior\ReadHtmlCacheBehavior [ RunTime:0.000662s ]
INFO: [ app_begin ] --END-- [ RunTime:0.001247s ]
NOTIC: [8192] mysql_connect(): The mysql extension is deprecated and will be removed in the future: use mysqli or PDO instead D:\wamp64\www\mkblog\ThinkPHP\Library\Think\Db\Driver\Mysql.class.php 第 52 行.
SQL: SHOW COLUMNS FROM `blog_category` [ RunTime:0.001251s ]
SQL: SELECT COUNT(*) AS tp_count FROM `blog_category` LIMIT 1   [ RunTime:0.000731s ]
SQL: SELECT * FROM `blog_category` WHERE ( `name` LIKE '%技术%' ) ORDER BY createTime LIMIT 0,2   [ RunTime:0.001021s ]

[ 2017-03-02T12:41:04+08:00 ] ::1 /mkblog/Admin/Category/getCategories?name=%E6%8A%80%E6%9C%AF
INFO: [ app_begin ] --START--
INFO: Run Behavior\ReadHtmlCacheBehavior [ RunTime:0.000672s ]
INFO: [ app_begin ] --END-- [ RunTime:0.001242s ]
NOTIC: [8192] mysql_connect(): The mysql extension is deprecated and will be removed in the future: use mysqli or PDO instead D:\wamp64\www\mkblog\ThinkPHP\Library\Think\Db\Driver\Mysql.class.php 第 52 行.
SQL: SHOW COLUMNS FROM `blog_category` [ RunTime:0.001143s ]
SQL: SELECT COUNT(*) AS tp_count FROM `blog_category` LIMIT 1   [ RunTime:0.000461s ]
SQL: SELECT * FROM `blog_category` WHERE ( `name` LIKE '%技术%' ) ORDER BY createTime LIMIT 0,2   [ RunTime:0.000542s ]

[ 2017-03-02T12:41:19+08:00 ] ::1 /mkblog/Admin/Category/getCategories?name=%E6%8A%80%E6%9C%AF
INFO: [ app_begin ] --START--
INFO: Run Behavior\ReadHtmlCacheBehavior [ RunTime:0.000659s ]
INFO: [ app_begin ] --END-- [ RunTime:0.001270s ]
NOTIC: [8192] mysql_connect(): The mysql extension is deprecated and will be removed in the future: use mysqli or PDO instead D:\wamp64\www\mkblog\ThinkPHP\Library\Think\Db\Driver\Mysql.class.php 第 52 行.
SQL: SHOW COLUMNS FROM `blog_category` [ RunTime:0.001503s ]
SQL: SELECT COUNT(*) AS tp_count FROM `blog_category` LIMIT 1   [ RunTime:0.000580s ]
SQL: SELECT * FROM `blog_category` WHERE ( `name` LIKE '%技术%' ) ORDER BY createTime LIMIT 0,2   [ RunTime:0.000678s ]

[ 2017-03-02T12:43:18+08:00 ] ::1 /mkblog/Admin/Category/getCategories?name=%E6%8A%80%E6%9C%AF
INFO: [ app_begin ] --START--
INFO: Run Behavior\ReadHtmlCacheBehavior [ RunTime:0.000680s ]
INFO: [ app_begin ] --END-- [ RunTime:0.001217s ]
NOTIC: [8192] mysql_connect(): The mysql extension is deprecated and will be removed in the future: use mysqli or PDO instead D:\wamp64\www\mkblog\ThinkPHP\Library\Think\Db\Driver\Mysql.class.php 第 52 行.
SQL: SHOW COLUMNS FROM `blog_category` [ RunTime:0.001086s ]
SQL: SELECT COUNT(*) AS tp_count FROM `blog_category` LIMIT 1   [ RunTime:0.000380s ]
SQL: SELECT * FROM `blog_category` WHERE ( `name` LIKE '%技术%' ) ORDER BY createTime LIMIT 0,2   [ RunTime:0.000654s ]

[ 2017-03-02T12:43:29+08:00 ] ::1 /mkblog/Admin/Category/getCategories?name=%E6%8A%80%E6%9C%AF
INFO: [ app_begin ] --START--
INFO: Run Behavior\ReadHtmlCacheBehavior [ RunTime:0.000656s ]
INFO: [ app_begin ] --END-- [ RunTime:0.001153s ]
NOTIC: [8192] mysql_connect(): The mysql extension is deprecated and will be removed in the future: use mysqli or PDO instead D:\wamp64\www\mkblog\ThinkPHP\Library\Think\Db\Driver\Mysql.class.php 第 52 行.
SQL: SHOW COLUMNS FROM `blog_category` [ RunTime:0.001168s ]
SQL: SELECT COUNT(*) AS tp_count FROM `blog_category` LIMIT 1   [ RunTime:0.000345s ]
SQL: SELECT * FROM `blog_category` WHERE ( `name` LIKE '%技术%' ) ORDER BY createTime LIMIT 0,2   [ RunTime:0.000529s ]

[ 2017-03-02T12:45:18+08:00 ] ::1 /mkblog/Admin/Category/getCategories?name=%E6%8A%80%E6%9C%AF
INFO: [ app_begin ] --START--
INFO: Run Behavior\ReadHtmlCacheBehavior [ RunTime:0.000649s ]
INFO: [ app_begin ] --END-- [ RunTime:0.001047s ]
NOTIC: [8192] mysql_connect(): The mysql extension is deprecated and will be removed in the future: use mysqli or PDO instead D:\wamp64\www\mkblog\ThinkPHP\Library\Think\Db\Driver\Mysql.class.php 第 52 行.
SQL: SHOW COLUMNS FROM `blog_category` [ RunTime:0.001380s ]
SQL: SELECT COUNT(*) AS tp_count FROM `blog_category` LIMIT 1   [ RunTime:0.000485s ]
SQL: SELECT * FROM `blog_category` WHERE ( `name` LIKE '%技术%' ) ORDER BY createTime LIMIT 0,2   [ RunTime:0.000923s ]

[ 2017-03-02T12:45:22+08:00 ] ::1 /mkblog/Admin/Category/getCategories?name=%E6%8A%80%E6%9C%AF
INFO: [ app_begin ] --START--
INFO: Run Behavior\ReadHtmlCacheBehavior [ RunTime:0.000427s ]
INFO: [ app_begin ] --END-- [ RunTime:0.000807s ]
NOTIC: [8192] mysql_connect(): The mysql extension is deprecated and will be removed in the future: use mysqli or PDO instead D:\wamp64\www\mkblog\ThinkPHP\Library\Think\Db\Driver\Mysql.class.php 第 52 行.
SQL: SHOW COLUMNS FROM `blog_category` [ RunTime:0.001109s ]
SQL: SELECT COUNT(*) AS tp_count FROM `blog_category` LIMIT 1   [ RunTime:0.000373s ]
SQL: SELECT * FROM `blog_category` WHERE ( `name` LIKE '%技术%' ) ORDER BY createTime LIMIT 0,2   [ RunTime:0.000680s ]

[ 2017-03-02T12:46:10+08:00 ] ::1 /mkblog/Admin/Category/getCategories?name=%E6%8A%80%E6%9C%AF
INFO: [ app_begin ] --START--
INFO: Run Behavior\ReadHtmlCacheBehavior [ RunTime:0.000603s ]
INFO: [ app_begin ] --END-- [ RunTime:0.001076s ]
NOTIC: [8192] mysql_connect(): The mysql extension is deprecated and will be removed in the future: use mysqli or PDO instead D:\wamp64\www\mkblog\ThinkPHP\Library\Think\Db\Driver\Mysql.class.php 第 52 行.
SQL: SHOW COLUMNS FROM `blog_category` [ RunTime:0.000863s ]
SQL: SELECT COUNT(*) AS tp_count FROM `blog_category` LIMIT 1   [ RunTime:0.000252s ]
SQL: SELECT * FROM `blog_category` WHERE ( `name` LIKE '%技术%' ) ORDER BY createTime LIMIT 0,2   [ RunTime:0.000618s ]

[ 2017-03-02T12:46:21+08:00 ] ::1 /mkblog/Admin/Category/getCategories?name=%E6%8A%80%E6%9C%AF
INFO: [ app_begin ] --START--
INFO: Run Behavior\ReadHtmlCacheBehavior [ RunTime:0.000950s ]
INFO: [ app_begin ] --END-- [ RunTime:0.001603s ]
NOTIC: [8192] mysql_connect(): The mysql extension is deprecated and will be removed in the future: use mysqli or PDO instead D:\wamp64\www\mkblog\ThinkPHP\Library\Think\Db\Driver\Mysql.class.php 第 52 行.
SQL: SHOW COLUMNS FROM `blog_category` [ RunTime:0.000877s ]
SQL: SELECT COUNT(*) AS tp_count FROM `blog_category` LIMIT 1   [ RunTime:0.000375s ]
SQL: SELECT * FROM `blog_category` WHERE ( `name` LIKE '%技术%' ) ORDER BY createTime LIMIT 0,2   [ RunTime:0.000438s ]

[ 2017-03-02T12:47:09+08:00 ] ::1 /mkblog/Admin/Category/getCategories?name=%E6%8A%80%E6%9C%AF
INFO: [ app_begin ] --START--
INFO: Run Behavior\ReadHtmlCacheBehavior [ RunTime:0.000460s ]
INFO: [ app_begin ] --END-- [ RunTime:0.000968s ]
NOTIC: [8192] mysql_connect(): The mysql extension is deprecated and will be removed in the future: use mysqli or PDO instead D:\wamp64\www\mkblog\ThinkPHP\Library\Think\Db\Driver\Mysql.class.php 第 52 行.
SQL: SHOW COLUMNS FROM `blog_category` [ RunTime:0.000923s ]
SQL: SELECT COUNT(*) AS tp_count FROM `blog_category` LIMIT 1   [ RunTime:0.000510s ]
SQL: SELECT * FROM `blog_category` WHERE ( `name` LIKE '%技术%' ) ORDER BY createTime LIMIT 0,2   [ RunTime:0.000512s ]

[ 2017-03-02T12:47:27+08:00 ] ::1 /mkblog/Admin/Category/getCategories?name=%E6%8A%80%E6%9C%AF
INFO: [ app_begin ] --START--
INFO: Run Behavior\ReadHtmlCacheBehavior [ RunTime:0.000779s ]
INFO: [ app_begin ] --END-- [ RunTime:0.001424s ]
NOTIC: [8192] mysql_connect(): The mysql extension is deprecated and will be removed in the future: use mysqli or PDO instead D:\wamp64\www\mkblog\ThinkPHP\Library\Think\Db\Driver\Mysql.class.php 第 52 行.
SQL: SHOW COLUMNS FROM `blog_category` [ RunTime:0.000797s ]
SQL: SELECT COUNT(*) AS tp_count FROM `blog_category` LIMIT 1   [ RunTime:0.000340s ]
SQL: SELECT * FROM `blog_category` WHERE ( `name` LIKE '%技术%' ) ORDER BY createTime LIMIT 0,2   [ RunTime:0.000525s ]

[ 2017-03-02T12:48:36+08:00 ] ::1 /mkblog/Admin/Category/getCategories?name=%E6%8A%80%E6%9C%AF
INFO: [ app_begin ] --START--
INFO: Run Behavior\ReadHtmlCacheBehavior [ RunTime:0.000827s ]
INFO: [ app_begin ] --END-- [ RunTime:0.001550s ]
NOTIC: [8192] mysql_connect(): The mysql extension is deprecated and will be removed in the future: use mysqli or PDO instead D:\wamp64\www\mkblog\ThinkPHP\Library\Think\Db\Driver\Mysql.class.php 第 52 行.
SQL: SHOW COLUMNS FROM `blog_category` [ RunTime:0.001051s ]
SQL: SELECT COUNT(*) AS tp_count FROM `blog_category` LIMIT 1   [ RunTime:0.000364s ]
SQL: SELECT * FROM `blog_category` WHERE ( `name` LIKE '%技术%' ) ORDER BY createTime LIMIT 0,2   [ RunTime:0.000775s ]

[ 2017-03-02T12:56:16+08:00 ] ::1 /mkblog/Admin/Category/addCategory
INFO: [ app_begin ] --START--
INFO: Run Behavior\ReadHtmlCacheBehavior [ RunTime:0.000588s ]
INFO: [ app_begin ] --END-- [ RunTime:0.001016s ]
NOTIC: [8192] mysql_connect(): The mysql extension is deprecated and will be removed in the future: use mysqli or PDO instead D:\wamp64\www\mkblog\ThinkPHP\Library\Think\Db\Driver\Mysql.class.php 第 52 行.
SQL: SHOW COLUMNS FROM `blog_category` [ RunTime:0.000888s ]
SQL: SELECT * FROM `blog_category` WHERE ( `name` = '前段技术' ) LIMIT 1   [ RunTime:0.000519s ]
SQL: INSERT INTO `blog_category` (`name`) VALUES ('前段技术') [ RunTime:0.005329s ]

[ 2017-03-02T12:56:32+08:00 ] ::1 /mkblog/Admin/Category/addCategory
INFO: [ app_begin ] --START--
INFO: Run Behavior\ReadHtmlCacheBehavior [ RunTime:0.000998s ]
INFO: [ app_begin ] --END-- [ RunTime:0.002803s ]
NOTIC: [8192] mysql_connect(): The mysql extension is deprecated and will be removed in the future: use mysqli or PDO instead D:\wamp64\www\mkblog\ThinkPHP\Library\Think\Db\Driver\Mysql.class.php 第 52 行.
SQL: SHOW COLUMNS FROM `blog_category` [ RunTime:0.001121s ]
SQL: SELECT * FROM `blog_category` WHERE ( `name` = '后端技术' ) LIMIT 1   [ RunTime:0.000781s ]
SQL: INSERT INTO `blog_category` (`name`) VALUES ('后端技术') [ RunTime:0.000538s ]

[ 2017-03-02T12:56:38+08:00 ] ::1 /mkblog/Admin/Category/getCategories?name=%E6%8A%80%E6%9C%AF
INFO: [ app_begin ] --START--
INFO: Run Behavior\ReadHtmlCacheBehavior [ RunTime:0.000723s ]
INFO: [ app_begin ] --END-- [ RunTime:0.001349s ]
NOTIC: [8192] mysql_connect(): The mysql extension is deprecated and will be removed in the future: use mysqli or PDO instead D:\wamp64\www\mkblog\ThinkPHP\Library\Think\Db\Driver\Mysql.class.php 第 52 行.
SQL: SHOW COLUMNS FROM `blog_category` [ RunTime:0.001545s ]
SQL: SELECT COUNT(*) AS tp_count FROM `blog_category` LIMIT 1   [ RunTime:0.000518s ]
SQL: SELECT * FROM `blog_category` WHERE ( `name` LIKE '%技术%' ) ORDER BY createTime LIMIT 0,2   [ RunTime:0.007199s ]

[ 2017-03-02T12:56:51+08:00 ] ::1 /mkblog/Admin/Category/getCategories?name=%E6%8A%80%E6%9C%AF
INFO: [ app_begin ] --START--
INFO: Run Behavior\ReadHtmlCacheBehavior [ RunTime:0.000737s ]
INFO: [ app_begin ] --END-- [ RunTime:0.001153s ]
NOTIC: [8192] mysql_connect(): The mysql extension is deprecated and will be removed in the future: use mysqli or PDO instead D:\wamp64\www\mkblog\ThinkPHP\Library\Think\Db\Driver\Mysql.class.php 第 52 行.
SQL: SHOW COLUMNS FROM `blog_category` [ RunTime:0.000636s ]
SQL: SELECT COUNT(*) AS tp_count FROM `blog_category` LIMIT 1   [ RunTime:0.000352s ]
SQL: SELECT * FROM `blog_category` WHERE ( `name` LIKE '%技术%' ) ORDER BY createTime LIMIT 0,2   [ RunTime:0.000375s ]

[ 2017-03-02T12:57:12+08:00 ] ::1 /mkblog/Admin/Category/getCategories?name=%E6%8A%80%E6%9C%AF
INFO: [ app_begin ] --START--
INFO: Run Behavior\ReadHtmlCacheBehavior [ RunTime:0.000672s ]
INFO: [ app_begin ] --END-- [ RunTime:0.001233s ]
NOTIC: [8192] mysql_connect(): The mysql extension is deprecated and will be removed in the future: use mysqli or PDO instead D:\wamp64\www\mkblog\ThinkPHP\Library\Think\Db\Driver\Mysql.class.php 第 52 行.
SQL: SHOW COLUMNS FROM `blog_category` [ RunTime:0.000976s ]
SQL: SELECT COUNT(*) AS tp_count FROM `blog_category` LIMIT 1   [ RunTime:0.000447s ]
SQL: SELECT * FROM `blog_category` WHERE ( `name` LIKE '%技术%' ) ORDER BY createTime LIMIT 0,5   [ RunTime:0.000656s ]

[ 2017-03-02T12:59:04+08:00 ] ::1 /mkblog/Admin/Category/getCategories?name=%E6%8A%80%E6%9C%AF
INFO: [ app_begin ] --START--
INFO: Run Behavior\ReadHtmlCacheBehavior [ RunTime:0.000681s ]
INFO: [ app_begin ] --END-- [ RunTime:0.001230s ]
NOTIC: [8192] mysql_connect(): The mysql extension is deprecated and will be removed in the future: use mysqli or PDO instead D:\wamp64\www\mkblog\ThinkPHP\Library\Think\Db\Driver\Mysql.class.php 第 52 行.
SQL: SHOW COLUMNS FROM `blog_category` [ RunTime:0.000950s ]
SQL: SELECT COUNT(*) AS tp_count FROM `blog_category` LIMIT 1   [ RunTime:0.000359s ]
SQL: SELECT * FROM `blog_category` WHERE ( `name` LIKE '%技术%' ) ORDER BY createTime LIMIT 0,5   [ RunTime:0.000620s ]

[ 2017-03-02T13:23:36+08:00 ] ::1 /mkblog/Admin/Category/getCategories?name=%E6%8A%80%E6%9C%AF
INFO: [ app_begin ] --START--
INFO: Run Behavior\ReadHtmlCacheBehavior [ RunTime:0.000694s ]
INFO: [ app_begin ] --END-- [ RunTime:0.001316s ]
NOTIC: [8192] mysql_connect(): The mysql extension is deprecated and will be removed in the future: use mysqli or PDO instead D:\wamp64\www\mkblog\ThinkPHP\Library\Think\Db\Driver\Mysql.class.php 第 52 行.
SQL: SHOW COLUMNS FROM `blog_category` [ RunTime:0.001164s ]
SQL: SELECT COUNT(*) AS tp_count FROM `blog_category` LIMIT 1   [ RunTime:0.000401s ]
SQL: SELECT * FROM `blog_category` WHERE ( `name` LIKE '%技术%' ) ORDER BY createTime LIMIT 0,5   [ RunTime:0.001108s ]

[ 2017-03-02T13:24:21+08:00 ] ::1 /mkblog/Admin/Category/getCategories?name=%E6%8A%80%E6%9C%AF
INFO: [ app_begin ] --START--
INFO: Run Behavior\ReadHtmlCacheBehavior [ RunTime:0.000656s ]
INFO: [ app_begin ] --END-- [ RunTime:0.001204s ]
NOTIC: [8192] mysql_connect(): The mysql extension is deprecated and will be removed in the future: use mysqli or PDO instead D:\wamp64\www\mkblog\ThinkPHP\Library\Think\Db\Driver\Mysql.class.php 第 52 行.
SQL: SHOW COLUMNS FROM `blog_category` [ RunTime:0.001261s ]
SQL: SELECT COUNT(*) AS tp_count FROM `blog_category` LIMIT 1   [ RunTime:0.000536s ]
SQL: SELECT * FROM `blog_category` WHERE ( `name` LIKE '%技术%' ) ORDER BY createTime LIMIT 0,5   [ RunTime:0.000886s ]

[ 2017-03-02T13:30:35+08:00 ] ::1 /mkblog/Admin/Category/getCategories?name=%E6%8A%80%E6%9C%AF
INFO: [ app_begin ] --START--
INFO: Run Behavior\ReadHtmlCacheBehavior [ RunTime:0.000677s ]
INFO: [ app_begin ] --END-- [ RunTime:0.001244s ]
NOTIC: [8192] mysql_connect(): The mysql extension is deprecated and will be removed in the future: use mysqli or PDO instead D:\wamp64\www\mkblog\ThinkPHP\Library\Think\Db\Driver\Mysql.class.php 第 52 行.
SQL: SHOW COLUMNS FROM `blog_category` [ RunTime:0.000864s ]
SQL: SELECT COUNT(*) AS tp_count FROM `blog_category` LIMIT 1   [ RunTime:0.000411s ]
SQL: SELECT * FROM `blog_category` WHERE ( `name` LIKE '%技术%' ) ORDER BY createTime LIMIT 0,5   [ RunTime:0.000600s ]

[ 2017-03-02T13:31:00+08:00 ] ::1 /mkblog/Admin/Category/getCategories?name=%E6%8A%80%E6%9C%AF
INFO: [ app_begin ] --START--
INFO: Run Behavior\ReadHtmlCacheBehavior [ RunTime:0.000429s ]
INFO: [ app_begin ] --END-- [ RunTime:0.000790s ]
NOTIC: [8192] mysql_connect(): The mysql extension is deprecated and will be removed in the future: use mysqli or PDO instead D:\wamp64\www\mkblog\ThinkPHP\Library\Think\Db\Driver\Mysql.class.php 第 52 行.
SQL: SHOW COLUMNS FROM `blog_category` [ RunTime:0.000935s ]
SQL: SELECT COUNT(*) AS tp_count FROM `blog_category` LIMIT 1   [ RunTime:0.000661s ]
SQL: SELECT * FROM `blog_category` WHERE ( `name` LIKE '%技术%' ) ORDER BY createTime LIMIT 0,5   [ RunTime:0.000937s ]

[ 2017-03-02T13:31:12+08:00 ] ::1 /mkblog/Admin/Category/getCategories?name=%E6%8A%80%E6%9C%AF
INFO: [ app_begin ] --START--
INFO: Run Behavior\ReadHtmlCacheBehavior [ RunTime:0.000687s ]
INFO: [ app_begin ] --END-- [ RunTime:0.001231s ]
NOTIC: [8192] mysql_connect(): The mysql extension is deprecated and will be removed in the future: use mysqli or PDO instead D:\wamp64\www\mkblog\ThinkPHP\Library\Think\Db\Driver\Mysql.class.php 第 52 行.
SQL: SHOW COLUMNS FROM `blog_category` [ RunTime:0.001061s ]
SQL: SELECT COUNT(*) AS tp_count FROM `blog_category` LIMIT 1   [ RunTime:0.000535s ]
SQL: SELECT * FROM `blog_category` WHERE ( `name` LIKE '%技术%' ) ORDER BY createTime LIMIT 0,5   [ RunTime:0.000634s ]

[ 2017-03-02T13:31:29+08:00 ] ::1 /mkblog/Admin/Category/getCategories?name=%E6%8A%80%E6%9C%AF
INFO: [ app_begin ] --START--
INFO: Run Behavior\ReadHtmlCacheBehavior [ RunTime:0.000648s ]
INFO: [ app_begin ] --END-- [ RunTime:0.001245s ]
NOTIC: [8192] mysql_connect(): The mysql extension is deprecated and will be removed in the future: use mysqli or PDO instead D:\wamp64\www\mkblog\ThinkPHP\Library\Think\Db\Driver\Mysql.class.php 第 52 行.
SQL: SHOW COLUMNS FROM `blog_category` [ RunTime:0.001026s ]
SQL: SELECT COUNT(*) AS tp_count FROM `blog_category` LIMIT 1   [ RunTime:0.000707s ]
SQL: SELECT * FROM `blog_category` WHERE ( `name` LIKE '%技术%' ) ORDER BY createTime LIMIT 0,5   [ RunTime:0.001024s ]

[ 2017-03-02T13:32:50+08:00 ] ::1 /mkblog/Admin/Category/getCategories?name=%E6%8A%80%E6%9C%AF
INFO: [ app_begin ] --START--
INFO: Run Behavior\ReadHtmlCacheBehavior [ RunTime:0.000406s ]
INFO: [ app_begin ] --END-- [ RunTime:0.000740s ]
NOTIC: [8192] mysql_connect(): The mysql extension is deprecated and will be removed in the future: use mysqli or PDO instead D:\wamp64\www\mkblog\ThinkPHP\Library\Think\Db\Driver\Mysql.class.php 第 52 行.
SQL: SHOW COLUMNS FROM `blog_category` [ RunTime:0.000999s ]
SQL: SELECT COUNT(*) AS tp_count FROM `blog_category` LIMIT 1   [ RunTime:0.000348s ]
SQL: SELECT * FROM `blog_category` WHERE ( `name` LIKE '%技术%' ) ORDER BY createTime LIMIT 0,5   [ RunTime:0.000531s ]

[ 2017-03-02T13:34:12+08:00 ] ::1 /mkblog/Admin/Category/getCategories?name=%E6%8A%80%E6%9C%AF
INFO: [ app_begin ] --START--
INFO: Run Behavior\ReadHtmlCacheBehavior [ RunTime:0.000658s ]
INFO: [ app_begin ] --END-- [ RunTime:0.001212s ]
NOTIC: [8192] mysql_connect(): The mysql extension is deprecated and will be removed in the future: use mysqli or PDO instead D:\wamp64\www\mkblog\ThinkPHP\Library\Think\Db\Driver\Mysql.class.php 第 52 行.
SQL: SHOW COLUMNS FROM `blog_category` [ RunTime:0.001180s ]
SQL: SELECT COUNT(*) AS tp_count FROM `blog_category` LIMIT 1   [ RunTime:0.002445s ]
SQL: SELECT * FROM `blog_category` WHERE ( `name` LIKE '%技术%' ) ORDER BY createTime LIMIT 0,5   [ RunTime:0.000629s ]

[ 2017-03-02T13:35:11+08:00 ] ::1 /mkblog/Admin/Category/getCategories?name=%E6%8A%80%E6%9C%AF
INFO: [ app_begin ] --START--
INFO: Run Behavior\ReadHtmlCacheBehavior [ RunTime:0.000759s ]
INFO: [ app_begin ] --END-- [ RunTime:0.001410s ]
NOTIC: [8192] mysql_connect(): The mysql extension is deprecated and will be removed in the future: use mysqli or PDO instead D:\wamp64\www\mkblog\ThinkPHP\Library\Think\Db\Driver\Mysql.class.php 第 52 行.
SQL: SHOW COLUMNS FROM `blog_category` [ RunTime:0.001484s ]
SQL: SELECT COUNT(*) AS tp_count FROM `blog_category` LIMIT 1   [ RunTime:0.000547s ]
SQL: SELECT * FROM `blog_category` WHERE ( `name` LIKE '%技术%' ) ORDER BY createTime LIMIT 0,5   [ RunTime:0.000821s ]

[ 2017-03-02T13:36:00+08:00 ] ::1 /mkblog/Admin/Category/getCategories?name=%E6%8A%80%E6%9C%AF
INFO: [ app_begin ] --START--
INFO: Run Behavior\ReadHtmlCacheBehavior [ RunTime:0.000787s ]
INFO: [ app_begin ] --END-- [ RunTime:0.001405s ]
NOTIC: [8192] mysql_connect(): The mysql extension is deprecated and will be removed in the future: use mysqli or PDO instead D:\wamp64\www\mkblog\ThinkPHP\Library\Think\Db\Driver\Mysql.class.php 第 52 行.
SQL: SHOW COLUMNS FROM `blog_category` [ RunTime:0.001529s ]
SQL: SELECT COUNT(*) AS tp_count FROM `blog_category` LIMIT 1   [ RunTime:0.000512s ]
SQL: SELECT * FROM `blog_category` WHERE ( `name` LIKE '%技术%' ) ORDER BY createTime LIMIT 0,5   [ RunTime:0.000817s ]

[ 2017-03-02T13:38:22+08:00 ] ::1 /mkblog/Admin/Category/getCategories?name=%E6%8A%80%E6%9C%AF
INFO: [ app_begin ] --START--
INFO: Run Behavior\ReadHtmlCacheBehavior [ RunTime:0.000686s ]
INFO: [ app_begin ] --END-- [ RunTime:0.001298s ]
NOTIC: [8192] mysql_connect(): The mysql extension is deprecated and will be removed in the future: use mysqli or PDO instead D:\wamp64\www\mkblog\ThinkPHP\Library\Think\Db\Driver\Mysql.class.php 第 52 行.
SQL: SHOW COLUMNS FROM `blog_category` [ RunTime:0.001443s ]
SQL: SELECT COUNT(*) AS tp_count FROM `blog_category` LIMIT 1   [ RunTime:0.000575s ]
SQL: SELECT * FROM `blog_category` WHERE ( `name` LIKE '%技术%' ) ORDER BY createTime LIMIT 0,5   [ RunTime:0.001008s ]

[ 2017-03-02T13:39:03+08:00 ] ::1 /mkblog/Admin/Category/getCategories?name=%E6%8A%80%E6%9C%AF
INFO: [ app_begin ] --START--
INFO: Run Behavior\ReadHtmlCacheBehavior [ RunTime:0.000667s ]
INFO: [ app_begin ] --END-- [ RunTime:0.001299s ]
NOTIC: [8192] mysql_connect(): The mysql extension is deprecated and will be removed in the future: use mysqli or PDO instead D:\wamp64\www\mkblog\ThinkPHP\Library\Think\Db\Driver\Mysql.class.php 第 52 行.
SQL: SHOW COLUMNS FROM `blog_category` [ RunTime:0.001228s ]
SQL: SELECT COUNT(*) AS tp_count FROM `blog_category` LIMIT 1   [ RunTime:0.000329s ]
SQL: SELECT * FROM `blog_category` WHERE ( `name` LIKE '%技术%' ) ORDER BY createTime LIMIT 0,5   [ RunTime:0.000383s ]

[ 2017-03-02T13:44:23+08:00 ] ::1 /mkblog/Admin/Category/getCategories?name=%E6%8A%80%E6%9C%AF
INFO: [ app_begin ] --START--
INFO: Run Behavior\ReadHtmlCacheBehavior [ RunTime:0.000717s ]
INFO: [ app_begin ] --END-- [ RunTime:0.001277s ]
NOTIC: [8192] mysql_connect(): The mysql extension is deprecated and will be removed in the future: use mysqli or PDO instead D:\wamp64\www\mkblog\ThinkPHP\Library\Think\Db\Driver\Mysql.class.php 第 52 行.
SQL: SHOW COLUMNS FROM `blog_category` [ RunTime:0.001131s ]
SQL: SELECT COUNT(*) AS tp_count FROM `blog_category` LIMIT 1   [ RunTime:0.000390s ]
SQL: SELECT * FROM `blog_category` WHERE ( `name` LIKE '%技术%' ) ORDER BY createTime LIMIT 0,5   [ RunTime:0.000485s ]

[ 2017-03-02T13:55:39+08:00 ] ::1 /mkblog/Admin/Category/getCategories?name=%E6%8A%80%E6%9C%AF
INFO: [ app_begin ] --START--
INFO: Run Behavior\ReadHtmlCacheBehavior [ RunTime:0.000792s ]
INFO: [ app_begin ] --END-- [ RunTime:0.002077s ]
NOTIC: [8192] mysql_connect(): The mysql extension is deprecated and will be removed in the future: use mysqli or PDO instead D:\wamp64\www\mkblog\ThinkPHP\Library\Think\Db\Driver\Mysql.class.php 第 52 行.
SQL: SHOW COLUMNS FROM `blog_category` [ RunTime:0.000626s ]
SQL: SELECT COUNT(*) AS tp_count FROM `blog_category` LIMIT 1   [ RunTime:0.000271s ]
SQL: SELECT * FROM `blog_category` WHERE ( `name` LIKE '%技术%' ) ORDER BY createTime LIMIT 0,5   [ RunTime:0.000427s ]

[ 2017-03-02T14:06:46+08:00 ] ::1 /mkblog/Admin/Category/getCategories?name=%E6%8A%80%E6%9C%AF
INFO: [ app_begin ] --START--
INFO: Run Behavior\ReadHtmlCacheBehavior [ RunTime:0.000841s ]
INFO: [ app_begin ] --END-- [ RunTime:0.001445s ]
NOTIC: [8192] mysql_connect(): The mysql extension is deprecated and will be removed in the future: use mysqli or PDO instead D:\wamp64\www\mkblog\ThinkPHP\Library\Think\Db\Driver\Mysql.class.php 第 52 行.
SQL: SHOW COLUMNS FROM `blog_category` [ RunTime:0.001716s ]
SQL: SELECT COUNT(*) AS tp_count FROM `blog_category` LIMIT 1   [ RunTime:0.000571s ]
SQL: SELECT * FROM `blog_category` WHERE ( `name` LIKE '%技术%' ) ORDER BY createTime LIMIT 0,5   [ RunTime:0.000783s ]

[ 2017-03-02T14:07:15+08:00 ] ::1 /mkblog/Admin/Category/getCategories?name=%E6%8A%80%E6%9C%AF
INFO: [ app_begin ] --START--
INFO: Run Behavior\ReadHtmlCacheBehavior [ RunTime:0.000624s ]
INFO: [ app_begin ] --END-- [ RunTime:0.001155s ]
NOTIC: [8192] mysql_connect(): The mysql extension is deprecated and will be removed in the future: use mysqli or PDO instead D:\wamp64\www\mkblog\ThinkPHP\Library\Think\Db\Driver\Mysql.class.php 第 52 行.
SQL: SHOW COLUMNS FROM `blog_category` [ RunTime:0.001440s ]
SQL: SELECT COUNT(*) AS tp_count FROM `blog_category` LIMIT 1   [ RunTime:0.000374s ]
SQL: SELECT * FROM `blog_category` WHERE ( `name` LIKE '%技术%' ) ORDER BY createTime LIMIT 0,5   [ RunTime:0.000624s ]

[ 2017-03-02T14:08:28+08:00 ] ::1 /mkblog/Admin/Category/getCategories?name=%E6%8A%80%E6%9C%AF
INFO: [ app_begin ] --START--
INFO: Run Behavior\ReadHtmlCacheBehavior [ RunTime:0.000618s ]
INFO: [ app_begin ] --END-- [ RunTime:0.001248s ]
NOTIC: [8192] mysql_connect(): The mysql extension is deprecated and will be removed in the future: use mysqli or PDO instead D:\wamp64\www\mkblog\ThinkPHP\Library\Think\Db\Driver\Mysql.class.php 第 52 行.
SQL: SHOW COLUMNS FROM `blog_category` [ RunTime:0.000798s ]
SQL: SELECT COUNT(*) AS tp_count FROM `blog_category` LIMIT 1   [ RunTime:0.000297s ]
SQL: SELECT * FROM `blog_category` WHERE ( `name` LIKE '%技术%' ) ORDER BY createTime LIMIT 0,5   [ RunTime:0.000434s ]

[ 2017-03-02T14:08:35+08:00 ] ::1 /mkblog/Admin/Category/getCategories?name=%E6%8A%80%E6%9C%AF
INFO: [ app_begin ] --START--
INFO: Run Behavior\ReadHtmlCacheBehavior [ RunTime:0.000675s ]
INFO: [ app_begin ] --END-- [ RunTime:0.001239s ]
NOTIC: [8192] mysql_connect(): The mysql extension is deprecated and will be removed in the future: use mysqli or PDO instead D:\wamp64\www\mkblog\ThinkPHP\Library\Think\Db\Driver\Mysql.class.php 第 52 行.
SQL: SHOW COLUMNS FROM `blog_category` [ RunTime:0.000961s ]
SQL: SELECT COUNT(*) AS tp_count FROM `blog_category` LIMIT 1   [ RunTime:0.000402s ]
SQL: SELECT * FROM `blog_category` WHERE ( `name` LIKE '%技术%' ) ORDER BY createTime LIMIT 0,5   [ RunTime:0.000538s ]

[ 2017-03-02T14:09:54+08:00 ] ::1 /mkblog/Admin/Category/getCategories?name=%E6%8A%80%E6%9C%AF
INFO: [ app_begin ] --START--
INFO: Run Behavior\ReadHtmlCacheBehavior [ RunTime:0.000675s ]
INFO: [ app_begin ] --END-- [ RunTime:0.001273s ]
NOTIC: [8192] mysql_connect(): The mysql extension is deprecated and will be removed in the future: use mysqli or PDO instead D:\wamp64\www\mkblog\ThinkPHP\Library\Think\Db\Driver\Mysql.class.php 第 52 行.
SQL: SHOW COLUMNS FROM `blog_category` [ RunTime:0.000785s ]
SQL: SELECT COUNT(*) AS tp_count FROM `blog_category` LIMIT 1   [ RunTime:0.000356s ]
SQL: SELECT * FROM `blog_category` WHERE ( `name` LIKE '%技术%' ) ORDER BY createTime LIMIT 0,5   [ RunTime:0.000636s ]

